#
# A fatal error has been detected by the Java Runtime Environment:
#
#  SIGSEGV (0xb) at pc=0x0000000102ab11e3, pid=2855, tid=25347
#
# JRE version: Java(TM) SE Runtime Environment (17.0.12+8) (build 17.0.12+8-LTS-286)
# Java VM: Java HotSpot(TM) 64-Bit Server VM (17.0.12+8-LTS-286, mixed mode, sharing, tiered, compressed oops, compressed class ptrs, g1 gc, bsd-amd64)
# Problematic frame:
# V  [libjvm.dylib+0x44d1e3]  void G1ParScanThreadState::do_oop_evac<narrowOop>(narrowOop*)+0x53
#
# No core dump will be written. Core dumps have been disabled. To enable core dumping, try "ulimit -c unlimited" before starting Java again
#
# If you would like to submit a bug report, please visit:
#   https://bugreport.java.com/bugreport/crash.jsp
#

---------------  S U M M A R Y ------------

Command Line: --add-opens=java.base/java.lang=ALL-UNNAMED --add-opens=java.base/java.lang.invoke=ALL-UNNAMED --add-opens=java.base/java.util=ALL-UNNAMED --add-opens=java.prefs/java.util.prefs=ALL-UNNAMED --add-exports=jdk.compiler/com.sun.tools.javac.api=ALL-UNNAMED --add-exports=jdk.compiler/com.sun.tools.javac.util=ALL-UNNAMED --add-opens=java.base/java.util=ALL-UNNAMED --add-opens=java.prefs/java.util.prefs=ALL-UNNAMED --add-opens=java.base/java.nio.charset=ALL-UNNAMED --add-opens=java.base/java.net=ALL-UNNAMED --add-opens=java.base/java.util.concurrent.atomic=ALL-UNNAMED --add-opens=java.xml/javax.xml.namespace=ALL-UNNAMED -Xmx4g -Dfile.encoding=UTF-8 -Duser.country=SN -Duser.language=fr -Duser.variant -javaagent:/Users/macbookpro/.gradle/wrapper/dists/gradle-8.14-bin/38aieal9i53h9rfe7vjup95b9/gradle-8.14/lib/agents/gradle-instrumentation-agent-8.14.jar org.gradle.launcher.daemon.bootstrap.GradleDaemon 8.14

Host: "MacBookPro15,4" x86_64 1400 MHz, 8 cores, 8G, Darwin 24.5.0, macOS 15.5 (24F74)
Time: Tue Feb  3 10:31:55 2026 GMT elapsed time: 3.476948 seconds (0d 0h 0m 3s)

---------------  T H R E A D  ---------------

Current thread (0x00007ff385f29f20):  GCTaskThread "GC Thread#1" [stack: 0x0000700001cb8000,0x0000700001db8000] [id=25347]

Stack: [0x0000700001cb8000,0x0000700001db8000],  sp=0x0000700001db7ca0,  free space=1023k
Native frames: (J=compiled Java code, j=interpreted, Vv=VM code, C=native code)
V  [libjvm.dylib+0x44d1e3]  void G1ParScanThreadState::do_oop_evac<narrowOop>(narrowOop*)+0x53
V  [libjvm.dylib+0x44b4ce]  G1ParScanThreadState::trim_queue_to_threshold(unsigned int)+0x19e
V  [libjvm.dylib+0x44b838]  G1ParScanThreadState::steal_and_trim_queue(GenericTaskQueueSet<OverflowTaskQueue<ScannerTask, (MEMFLAGS)5, 131072u>, (MEMFLAGS)5>*)+0xc8
V  [libjvm.dylib+0x410c5c]  G1ParEvacuateFollowersClosure::do_void()+0x10c
V  [libjvm.dylib+0x413abe]  G1EvacuateRegionsBaseTask::evacuate_live_objects(G1ParScanThreadState*, unsigned int, G1GCPhaseTimes::GCParPhases, G1GCPhaseTimes::GCParPhases)+0x8e
V  [libjvm.dylib+0x413884]  G1EvacuateRegionsBaseTask::work(unsigned int)+0x84
V  [libjvm.dylib+0xab69ac]  GangWorker::loop()+0x5c
V  [libjvm.dylib+0xab6936]  GangWorker::run()+0x16
V  [libjvm.dylib+0x9fee42]  Thread::call_run()+0xf2
V  [libjvm.dylib+0x88f038]  thread_native_entry(Thread*)+0x148
C  [libsystem_pthread.dylib+0x5df1]  _pthread_start+0x63
C  [libsystem_pthread.dylib+0x1857]  thread_start+0xf


siginfo: si_signo: 11 (SIGSEGV), si_code: 1 (SEGV_MAPERR), si_addr: 0x0000000000000800

Registers:
RAX=0x0000000000000000, RBX=0x0000000000000003, RCX=0x0000000000000015, RDX=0x0000000000000800
RSP=0x0000700001db7ca0, RBP=0x0000700001db7cc0, RSI=0x0000000000000000, RDI=0x0000000000000000
R8 =0x0000000000000002, R9 =0x0000000706d3ba68, R10=0x0000000000000004, R11=0x00007ff389b1b260
R12=0x00000001032c5ee0, R13=0x0000000701596358, R14=0x00007ff389b1b0e0, R15=0x0000000701596358
RIP=0x0000000102ab11e3, EFLAGS=0x0000000000010246, ERR=0x0000000000000004
  TRAPNO=0x000000000000000e


Register to memory mapping:

RAX=0x0 is NULL
RBX=0x0000000000000003 is an unknown value
RCX=0x0000000000000015 is an unknown value
RDX=0x0000000000000800 is an unknown value
RSP=0x0000700001db7ca0 points into unknown readable memory: 0x000001ef0000003e | 3e 00 00 00 ef 01 00 00
RBP=0x0000700001db7cc0 points into unknown readable memory: 0x0000700001db7d00 | 00 7d db 01 00 70 00 00
RSI=0x0 is NULL
RDI=0x0 is NULL
R8 =0x0000000000000002 is an unknown value
R9 =0x0000000706d3ba68 is an oop: java.util.concurrent.ConcurrentHashMap$Node 
{0x0000000706d3ba68} - klass: 'java/util/concurrent/ConcurrentHashMap$Node'
 - ---- fields (total size 4 words):
 - final 'hash' 'I' @12  1276018841 (4c0e8099)
 - final 'key' 'Ljava/lang/Object;' @16  "com.esotericsoftware.kryo.io"{0x0000000700767318} (e00ece63)
 - volatile 'val' 'Ljava/lang/Object;' @20  a 'java/security/cert/Certificate'[0] {0x00000007004469b0} (e0088d36)
 - volatile 'next' 'Ljava/util/concurrent/ConcurrentHashMap$Node;' @24  NULL (0)
R10=0x0000000000000004 is an unknown value
R11=0x00007ff389b1b260 points into unknown readable memory: 0x00000001032a5080 | 80 50 2a 03 01 00 00 00
R12=0x00000001032c5ee0: _ZN14CompressedOops11_narrow_oopE+0 in /Library/Java/JavaVirtualMachines/jdk-17.jdk/Contents/Home/lib/server/libjvm.dylib at 0x0000000102664000
R13=0x0000000701596358 is pointing into object: [Ljava.util.concurrent.ConcurrentHashMap$Node; 
{0x00000007015960f0} - klass: 'java/util/concurrent/ConcurrentHashMap$Node'[]
 - length: 1024
R14=0x00007ff389b1b0e0 points into unknown readable memory: 0x00000001032a5060 | 60 50 2a 03 01 00 00 00
R15=0x0000000701596358 is pointing into object: [Ljava.util.concurrent.ConcurrentHashMap$Node; 
{0x00000007015960f0} - klass: 'java/util/concurrent/ConcurrentHashMap$Node'[]
 - length: 1024


Top of Stack: (sp=0x0000700001db7ca0)
0x0000700001db7ca0:   000001ef0000003e 00007ff389b1b0e0
0x0000700001db7cb0:   0000000000000000 ffffffff00000000
0x0000700001db7cc0:   0000700001db7d00 0000000102aaf4ce
0x0000700001db7cd0:   00007ff389b1b0f8 0000000000000001
0x0000700001db7ce0:   0000700001db7d20 0000000700693230
0x0000700001db7cf0:   00007ff389b1b0e0 0000600001fc48e0
0x0000700001db7d00:   0000700001db7d50 0000000102aaf838
0x0000700001db7d10:   00007ff38600e200 00007ff389b1b0f8
0x0000700001db7d20:   0000000700693231 0000000000000013
0x0000700001db7d30:   0000000000000004 0000700001db7df0
0x0000700001db7d40:   00007ff389b1b0e0 0000000000000006
0x0000700001db7d50:   0000700001db7de0 0000000102a74c5c
0x0000700001db7d60:   0000000000000000 0000000000000000
0x0000700001db7d70:   0000700000000000 0000000102aa0122
0x0000700001db7d80:   000000000000000f bff0000000000000
0x0000700001db7d90:   0000000000000000 0000000000000000
0x0000700001db7da0:   0000000000000000 0000000000000013
0x0000700001db7db0:   0000700001db7dc0 0000000000000013
0x0000700001db7dc0:   0000000000000004 00007ff385f29b80
0x0000700001db7dd0:   00000000ce859bf1 000070000108d3f0
0x0000700001db7de0:   0000700001db7e70 0000000102a77abe
0x0000700001db7df0:   00000001032a3608 0000000000000000
0x0000700001db7e00:   0000000000000000 0000000000000000
0x0000700001db7e10:   00007ff38600e200 00007ff389b1b0e0
0x0000700001db7e20:   0000600001fc48e0 000070000108d3f0
0x0000700001db7e30:   0000000000000013 0000001300000015
0x0000700001db7e40:   000000011ecc566c 000070000108d3c0
0x0000700001db7e50:   00007ff389b06fb8 00007ff389b1b0e0
0x0000700001db7e60:   0000000000000004 00006000011ca130
0x0000700001db7e70:   0000700001db7ec0 0000000102a77884
0x0000700001db7e80:   00007ff389b06bd0 00007ff389b06be0
0x0000700001db7e90:   00000000000003d8 000070000108d3c0 

Instructions: (pc=0x0000000102ab11e3)
0x0000000102ab10e3:   c7 80 08 02 00 00 00 00 00 00 48 c7 80 10 02 00
0x0000000102ab10f3:   00 00 00 00 00 49 89 c4 48 8b 4d d0 eb 10 48 8b
0x0000000102ab1103:   4d d0 31 c0 4c 89 a0 08 02 00 00 49 89 c4 48 8d
0x0000000102ab1113:   44 d9 20 4c 89 20 48 81 04 d9 18 02 00 00 49 8b
0x0000000102ab1123:   84 24 00 02 00 00 4c 89 28 49 83 84 24 00 02 00
0x0000000102ab1133:   00 08 41 83 7e 20 01 74 38 45 84 ff 74 33 49 8b
0x0000000102ab1143:   5e 18 49 c1 ed 09 48 8b 43 60 4c 03 68 40 48 8b
0x0000000102ab1153:   70 38 49 29 f5 4c 39 ab b0 01 00 00 74 13 48 8d
0x0000000102ab1163:   7b 18 4c 01 ee e8 13 74 00 00 4c 89 ab b0 01 00
0x0000000102ab1173:   00 48 83 c4 08 5b 41 5c 41 5d 41 5e 41 5f 5d c3
0x0000000102ab1183:   66 2e 0f 1f 84 00 00 00 00 00 0f 1f 00 55 48 89
0x0000000102ab1193:   e5 41 57 41 56 41 54 53 49 89 f7 8b 16 4c 8d 25
0x0000000102ab11a3:   39 4d 81 00 41 8b 5c 24 08 89 d9 48 d3 e2 49 89
0x0000000102ab11b3:   fe 49 8b 3c 24 48 01 fa 49 8b 46 08 8a 88 90 05
0x0000000102ab11c3:   00 00 48 89 d6 48 d3 ee 48 8b 80 80 05 00 00 0f
0x0000000102ab11d3:   b7 34 70 89 f0 c1 e8 08 84 c0 0f 88 ce 00 00 00
0x0000000102ab11e3:   48 8b 0a 89 c8 83 e0 03 83 f8 03 75 22 48 8d 15
0x0000000102ab11f3:   8a d5 84 00 89 ce 83 e6 07 48 83 e1 fc 31 c0 80
0x0000000102ab1203:   3a 00 48 0f 44 c1 83 fe 05 48 0f 45 c1 eb 11 4c
0x0000000102ab1213:   89 f7 e8 36 ef ff ff 49 8b 3c 24 41 8b 5c 24 08
0x0000000102ab1223:   48 89 c2 48 29 fa 89 d9 48 d3 ea 41 89 17 48 89
0x0000000102ab1233:   c2 4c 31 fa 48 8d 0d 02 d9 84 00 8a 09 48 d3 ea
0x0000000102ab1243:   48 85 d2 74 69 49 8b 56 08 8a 8a c0 01 00 00 4c
0x0000000102ab1253:   89 fe 48 d3 ee 48 8b 8a b0 01 00 00 48 8b 0c f1
0x0000000102ab1263:   f7 41 74 02 00 00 00 75 45 8a 8a 90 05 00 00 48
0x0000000102ab1273:   d3 e8 48 8b 8a 80 05 00 00 80 3c 41 00 74 2f 49
0x0000000102ab1283:   c1 ef 09 49 8b 46 60 4c 03 78 40 48 8b 70 38 49
0x0000000102ab1293:   29 f7 4d 39 be b0 01 00 00 74 13 49 8d 7e 18 4c
0x0000000102ab12a3:   01 fe e8 d6 72 00 00 4d 89 be b0 01 00 00 5b 41
0x0000000102ab12b3:   5c 41 5e 41 5f 5d c3 66 0f 1f 44 00 00 55 48 89
0x0000000102ab12c3:   e5 41 57 41 56 41 55 41 54 53 48 83 ec 18 49 89
0x0000000102ab12d3:   f7 48 89 fb 48 8b 06 48 8d 0d a0 d4 84 00 89 c2 


Stack slot to memory mapping:
stack at sp + 0 slots: 0x000001ef0000003e is an unknown value
stack at sp + 1 slots: 0x00007ff389b1b0e0 points into unknown readable memory: 0x00000001032a5060 | 60 50 2a 03 01 00 00 00
stack at sp + 2 slots: 0x0 is NULL
stack at sp + 3 slots: 0xffffffff00000000 is an unknown value
stack at sp + 4 slots: 0x0000700001db7d00 points into unknown readable memory: 0x0000700001db7d50 | 50 7d db 01 00 70 00 00
stack at sp + 5 slots: 0x0000000102aaf4ce: _ZN20G1ParScanThreadState23trim_queue_to_thresholdEj+0x19e in /Library/Java/JavaVirtualMachines/jdk-17.jdk/Contents/Home/lib/server/libjvm.dylib at 0x0000000102664000
stack at sp + 6 slots: 0x00007ff389b1b0f8 points into unknown readable memory: 0x00000001032a5228 | 28 52 2a 03 01 00 00 00
stack at sp + 7 slots: 0x0000000000000001 is an unknown value


---------------  P R O C E S S  ---------------

Threads class SMR info:
_java_thread_list=0x0000600001ed2b00, length=30, elements={
0x00007ff38600a000, 0x00007ff38800c600, 0x00007ff38800ee00, 0x00007ff386046a00,
0x00007ff386017200, 0x00007ff386884e00, 0x00007ff386885400, 0x00007ff38a808200,
0x00007ff386017800, 0x00007ff38802fe00, 0x00007ff38a011000, 0x00007ff386a6e600,
0x00007ff38b8a7e00, 0x00007ff38a0a6600, 0x00007ff386225800, 0x00007ff38a1d7600,
0x00007ff38b90f600, 0x00007ff386a6ec00, 0x00007ff386120400, 0x00007ff38785bc00,
0x00007ff386a6f200, 0x00007ff386a38000, 0x00007ff388905400, 0x00007ff388056000,
0x00007ff387c3a400, 0x00007ff386a4f600, 0x00007ff387c3aa00, 0x00007ff38b8fc400,
0x00007ff386b3c000, 0x00007ff3882b7e00
}

Java Threads: ( => current thread )
  0x00007ff38600a000 JavaThread "main" [_thread_blocked, id=5123, stack(0x000070000097c000,0x0000700000a7c000)]
  0x00007ff38800c600 JavaThread "Reference Handler" daemon [_thread_blocked, id=17923, stack(0x0000700001091000,0x0000700001191000)]
  0x00007ff38800ee00 JavaThread "Finalizer" daemon [_thread_blocked, id=18179, stack(0x0000700001194000,0x0000700001294000)]
  0x00007ff386046a00 JavaThread "Signal Dispatcher" daemon [_thread_blocked, id=23299, stack(0x000070000139d000,0x000070000149d000)]
  0x00007ff386017200 JavaThread "Service Thread" daemon [_thread_blocked, id=31235, stack(0x00007000014a0000,0x00007000015a0000)]
  0x00007ff386884e00 JavaThread "Monitor Deflation Thread" daemon [_thread_blocked, id=23555, stack(0x00007000015a3000,0x00007000016a3000)]
  0x00007ff386885400 JavaThread "C2 CompilerThread0" daemon [_thread_blocked, id=30467, stack(0x00007000016a6000,0x00007000017a6000)]
  0x00007ff38a808200 JavaThread "C1 CompilerThread0" daemon [_thread_blocked, id=30211, stack(0x00007000017a9000,0x00007000018a9000)]
  0x00007ff386017800 JavaThread "Sweeper thread" daemon [_thread_blocked, id=29699, stack(0x00007000018ac000,0x00007000019ac000)]
  0x00007ff38802fe00 JavaThread "Common-Cleaner" daemon [_thread_blocked, id=24323, stack(0x00007000019af000,0x0000700001aaf000)]
  0x00007ff38a011000 JavaThread "Notification Thread" daemon [_thread_blocked, id=29443, stack(0x0000700001ab2000,0x0000700001bb2000)]
  0x00007ff386a6e600 JavaThread "Daemon health stats" [_thread_blocked, id=28675, stack(0x0000700001ebe000,0x0000700001fbe000)]
  0x00007ff38b8a7e00 JavaThread "Incoming local TCP Connector on port 49590" [_thread_in_native, id=28163, stack(0x0000700001fc1000,0x00007000020c1000)]
  0x00007ff38a0a6600 JavaThread "Daemon periodic checks" [_thread_blocked, id=27907, stack(0x00007000020c4000,0x00007000021c4000)]
  0x00007ff386225800 JavaThread "Daemon" [_thread_blocked, id=26371, stack(0x00007000021c7000,0x00007000022c7000)]
  0x00007ff38a1d7600 JavaThread "Handler for socket connection from /127.0.0.1:49590 to /127.0.0.1:49591" [_thread_in_native, id=27395, stack(0x00007000022ca000,0x00007000023ca000)]
  0x00007ff38b90f600 JavaThread "Cancel handler" [_thread_blocked, id=26883, stack(0x00007000023cd000,0x00007000024cd000)]
  0x00007ff386a6ec00 JavaThread "Daemon worker" [_thread_blocked, id=33027, stack(0x00007000024d0000,0x00007000025d0000)]
  0x00007ff386120400 JavaThread "Asynchronous log dispatcher for DefaultDaemonConnection: socket connection from /127.0.0.1:49590 to /127.0.0.1:49591" [_thread_blocked, id=43267, stack(0x00007000025d3000,0x00007000026d3000)]
  0x00007ff38785bc00 JavaThread "Stdin handler" [_thread_blocked, id=42755, stack(0x00007000026d6000,0x00007000027d6000)]
  0x00007ff386a6f200 JavaThread "Daemon client event forwarder" [_thread_blocked, id=33795, stack(0x00007000027d9000,0x00007000028d9000)]
  0x00007ff386a38000 JavaThread "Cache worker for journal cache (/Users/macbookpro/.gradle/caches/journal-1)" [_thread_blocked, id=41219, stack(0x0000700002deb000,0x0000700002eeb000)]
  0x00007ff388905400 JavaThread "File lock request listener" [_thread_in_native, id=35587, stack(0x0000700002eee000,0x0000700002fee000)]
  0x00007ff388056000 JavaThread "Cache worker for file hash cache (/Users/macbookpro/.gradle/caches/8.14/fileHashes)" [_thread_blocked, id=40707, stack(0x0000700002ff1000,0x00007000030f1000)]
  0x00007ff387c3a400 JavaThread "Cache worker for file hash cache (/Users/macbookpro/AndroidStudioProjects/sencsu5/.gradle/8.14/fileHashes)" [_thread_blocked, id=40451, stack(0x00007000030f4000,0x00007000031f4000)]
  0x00007ff386a4f600 JavaThread "Cache worker for Build Output Cleanup Cache (/Users/macbookpro/AndroidStudioProjects/sencsu5/.gradle/buildOutputCleanup)" [_thread_blocked, id=36355, stack(0x00007000031f7000,0x00007000032f7000)]
  0x00007ff387c3aa00 JavaThread "File watcher server" daemon [_thread_in_native, id=39939, stack(0x00007000033fd000,0x00007000034fd000)]
  0x00007ff38b8fc400 JavaThread "File watcher consumer" daemon [_thread_blocked, id=39683, stack(0x0000700003500000,0x0000700003600000)]
  0x00007ff386b3c000 JavaThread "jar transforms" [_thread_blocked, id=39171, stack(0x0000700003603000,0x0000700003703000)]
  0x00007ff3882b7e00 JavaThread "jar transforms Thread 2" [_thread_blocked, id=38915, stack(0x0000700003706000,0x0000700003806000)]

Other Threads:
  0x00007ff389b04f70 VMThread "VM Thread" [stack: 0x0000700000f8e000,0x000070000108e000] [id=17667]
  0x00007ff385f28250 WatcherThread [stack: 0x0000700001bb5000,0x0000700001cb5000] [id=29187]
  0x00007ff385f09b40 GCTaskThread "GC Thread#0" [stack: 0x0000700000a7f000,0x0000700000b7f000] [id=12291]
=>0x00007ff385f29f20 GCTaskThread "GC Thread#1" [stack: 0x0000700001cb8000,0x0000700001db8000] [id=25347]
  0x00007ff385f2a3a0 GCTaskThread "GC Thread#2" [stack: 0x0000700001dbb000,0x0000700001ebb000] [id=25859]
  0x00007ff3870217d0 GCTaskThread "GC Thread#3" [stack: 0x00007000028dc000,0x00007000029dc000] [id=42499]
  0x00007ff385f3b400 GCTaskThread "GC Thread#4" [stack: 0x00007000029df000,0x0000700002adf000] [id=34307]
  0x00007ff389d1bc50 GCTaskThread "GC Thread#5" [stack: 0x0000700002ae2000,0x0000700002be2000] [id=41987]
  0x00007ff387021c50 GCTaskThread "GC Thread#6" [stack: 0x0000700002be5000,0x0000700002ce5000] [id=41731]
  0x00007ff389d1c5b0 GCTaskThread "GC Thread#7" [stack: 0x0000700002ce8000,0x0000700002de8000] [id=35075]
  0x00007ff385f0a1f0 ConcurrentGCThread "G1 Main Marker" [stack: 0x0000700000b82000,0x0000700000c82000] [id=12803]
  0x00007ff385f0aa70 ConcurrentGCThread "G1 Conc#0" [stack: 0x0000700000c85000,0x0000700000d85000] [id=14083]
  0x00007ff38703bad0 ConcurrentGCThread "G1 Conc#1" [stack: 0x00007000032fa000,0x00007000033fa000] [id=36867]
  0x00007ff3872041e0 ConcurrentGCThread "G1 Refine#0" [stack: 0x0000700000d88000,0x0000700000e88000] [id=16643]
  0x00007ff387204a80 ConcurrentGCThread "G1 Service" [stack: 0x0000700000e8b000,0x0000700000f8b000] [id=16899]

Threads with active compile tasks:
C2 CompilerThread0     3500 3466       4       java.util.HashMap::get (19 bytes)
C1 CompilerThread0     3500 3537       3       jdk.internal.jimage.ImageLocation::buildName (128 bytes)

VM state: at safepoint (normal execution)

VM Mutex/Monitor currently owned by a thread:  ([mutex/lock_event])
[0x00006000031cd980] Threads_lock - owner thread: 0x00007ff389b04f70
[0x00006000031cdf00] Heap_lock - owner thread: 0x00007ff386a6ec00

Heap address: 0x0000000700000000, size: 4096 MB, Compressed Oops mode: Zero based, Oop shift amount: 3

CDS archive(s) mapped at: [0x0000000125000000-0x0000000125be8000-0x0000000125be8000), size 12484608, SharedBaseAddress: 0x0000000125000000, ArchiveRelocationMode: 1.
Compressed class space mapped at: 0x0000000126000000-0x0000000166000000, reserved size: 1073741824
Narrow klass base: 0x0000000125000000, Narrow klass shift: 0, Narrow klass range: 0x100000000

GC Precious Log:
 CPUs: 8 total, 8 available
 Memory: 8192M
 Large Page Support: Disabled
 NUMA Support: Disabled
 Compressed Oops: Enabled (Zero based)
 Heap Region Size: 2M
 Heap Min Capacity: 8M
 Heap Initial Capacity: 128M
 Heap Max Capacity: 4G
 Pre-touch: Disabled
 Parallel Workers: 8
 Concurrent Workers: 2
 Concurrent Refinement Workers: 8
 Periodic GC: Disabled

Heap:
 garbage-first heap   total 110592K, used 85216K [0x0000000700000000, 0x0000000800000000)
  region size 2048K, 32 young (65536K), 3 survivors (6144K)
 Metaspace       used 30537K, committed 30976K, reserved 1114112K
  class space    used 4391K, committed 4608K, reserved 1048576K

Heap Regions: E=young(eden), S=young(survivor), O=old, HS=humongous(starts), HC=humongous(continues), CS=collection set, F=free, OA=open archive, CA=closed archive, TAMS=top-at-mark-start (previous, next)
|   0|0x0000000700000000, 0x0000000700200000, 0x0000000700200000|100%|HS|  |TAMS 0x0000000700200000, 0x0000000700000000| Complete 
|   1|0x0000000700200000, 0x0000000700400000, 0x0000000700400000|100%|HC|  |TAMS 0x0000000700400000, 0x0000000700200000| Complete 
|   2|0x0000000700400000, 0x0000000700600000, 0x0000000700600000|100%| O|  |TAMS 0x0000000700600000, 0x0000000700400000| Untracked 
|   3|0x0000000700600000, 0x0000000700800000, 0x0000000700800000|100%| O|  |TAMS 0x0000000700800000, 0x0000000700600000| Untracked 
|   4|0x0000000700800000, 0x0000000700a00000, 0x0000000700a00000|100%| O|  |TAMS 0x0000000700a00000, 0x0000000700800000| Untracked 
|   5|0x0000000700a00000, 0x0000000700c00000, 0x0000000700c00000|100%| O|  |TAMS 0x0000000700c00000, 0x0000000700a00000| Untracked 
|   6|0x0000000700c00000, 0x0000000700e00000, 0x0000000700e00000|100%| O|  |TAMS 0x0000000700e00000, 0x0000000700c00000| Untracked 
|   7|0x0000000700e00000, 0x0000000701000000, 0x0000000701000000|100%| O|  |TAMS 0x0000000701000000, 0x0000000700e00000| Untracked 
|   8|0x0000000701000000, 0x0000000701200000, 0x0000000701200000|100%| O|  |TAMS 0x0000000701200000, 0x0000000701000000| Untracked 
|   9|0x0000000701200000, 0x00000007012d4000, 0x0000000701400000| 41%| O|  |TAMS 0x00000007012d4000, 0x0000000701200000| Complete 
|  10|0x0000000701400000, 0x0000000701600000, 0x0000000701600000|100%| O|  |TAMS 0x0000000701400000, 0x0000000701400000| Untracked 
|  11|0x0000000701600000, 0x0000000701739890, 0x0000000701800000| 61%| O|  |TAMS 0x0000000701600000, 0x0000000701600000| Untracked 
|  12|0x0000000701800000, 0x0000000701800000, 0x0000000701a00000|  0%| F|  |TAMS 0x0000000701800000, 0x0000000701800000| Untracked 
|  13|0x0000000701a00000, 0x0000000701a00000, 0x0000000701c00000|  0%| F|  |TAMS 0x0000000701a00000, 0x0000000701a00000| Untracked 
|  14|0x0000000701c00000, 0x0000000701c00000, 0x0000000701e00000|  0%| F|  |TAMS 0x0000000701c00000, 0x0000000701c00000| Untracked 
|  15|0x0000000701e00000, 0x0000000701e00000, 0x0000000702000000|  0%| F|  |TAMS 0x0000000701e00000, 0x0000000701e00000| Untracked 
|  16|0x0000000702000000, 0x0000000702000000, 0x0000000702200000|  0%| F|  |TAMS 0x0000000702000000, 0x0000000702000000| Untracked 
|  17|0x0000000702200000, 0x0000000702341da0, 0x0000000702400000| 62%| S|  |TAMS 0x0000000702200000, 0x0000000702200000| Complete 
|  18|0x0000000702400000, 0x0000000702600000, 0x0000000702600000|100%| S|  |TAMS 0x0000000702400000, 0x0000000702400000| Complete 
|  19|0x0000000702600000, 0x0000000702800000, 0x0000000702800000|100%| S|  |TAMS 0x0000000702600000, 0x0000000702600000| Complete 
|  20|0x0000000702800000, 0x0000000702a00000, 0x0000000702a00000|100%| E|CS|TAMS 0x0000000702800000, 0x0000000702800000| Complete 
|  21|0x0000000702a00000, 0x0000000702c00000, 0x0000000702c00000|100%| E|CS|TAMS 0x0000000702a00000, 0x0000000702a00000| Complete 
|  22|0x0000000702c00000, 0x0000000702e00000, 0x0000000702e00000|100%| E|CS|TAMS 0x0000000702c00000, 0x0000000702c00000| Complete 
|  23|0x0000000702e00000, 0x0000000703000000, 0x0000000703000000|100%| E|CS|TAMS 0x0000000702e00000, 0x0000000702e00000| Complete 
|  24|0x0000000703000000, 0x0000000703200000, 0x0000000703200000|100%| E|CS|TAMS 0x0000000703000000, 0x0000000703000000| Complete 
|  25|0x0000000703200000, 0x0000000703400000, 0x0000000703400000|100%| E|CS|TAMS 0x0000000703200000, 0x0000000703200000| Complete 
|  26|0x0000000703400000, 0x0000000703600000, 0x0000000703600000|100%| E|CS|TAMS 0x0000000703400000, 0x0000000703400000| Complete 
|  27|0x0000000703600000, 0x0000000703800000, 0x0000000703800000|100%| E|CS|TAMS 0x0000000703600000, 0x0000000703600000| Complete 
|  28|0x0000000703800000, 0x0000000703a00000, 0x0000000703a00000|100%| E|CS|TAMS 0x0000000703800000, 0x0000000703800000| Complete 
|  29|0x0000000703a00000, 0x0000000703c00000, 0x0000000703c00000|100%| E|CS|TAMS 0x0000000703a00000, 0x0000000703a00000| Complete 
|  30|0x0000000703c00000, 0x0000000703e00000, 0x0000000703e00000|100%| E|CS|TAMS 0x0000000703c00000, 0x0000000703c00000| Complete 
|  31|0x0000000703e00000, 0x0000000704000000, 0x0000000704000000|100%| E|CS|TAMS 0x0000000703e00000, 0x0000000703e00000| Complete 
|  32|0x0000000704000000, 0x0000000704200000, 0x0000000704200000|100%| E|CS|TAMS 0x0000000704000000, 0x0000000704000000| Complete 
|  33|0x0000000704200000, 0x0000000704400000, 0x0000000704400000|100%| E|CS|TAMS 0x0000000704200000, 0x0000000704200000| Complete 
|  34|0x0000000704400000, 0x0000000704600000, 0x0000000704600000|100%| E|CS|TAMS 0x0000000704400000, 0x0000000704400000| Complete 
|  35|0x0000000704600000, 0x0000000704800000, 0x0000000704800000|100%| E|CS|TAMS 0x0000000704600000, 0x0000000704600000| Complete 
|  36|0x0000000704800000, 0x0000000704a00000, 0x0000000704a00000|100%| E|CS|TAMS 0x0000000704800000, 0x0000000704800000| Complete 
|  37|0x0000000704a00000, 0x0000000704c00000, 0x0000000704c00000|100%| E|CS|TAMS 0x0000000704a00000, 0x0000000704a00000| Complete 
|  38|0x0000000704c00000, 0x0000000704e00000, 0x0000000704e00000|100%| E|CS|TAMS 0x0000000704c00000, 0x0000000704c00000| Complete 
|  39|0x0000000704e00000, 0x0000000705000000, 0x0000000705000000|100%| E|CS|TAMS 0x0000000704e00000, 0x0000000704e00000| Complete 
|  40|0x0000000705000000, 0x0000000705200000, 0x0000000705200000|100%| E|CS|TAMS 0x0000000705000000, 0x0000000705000000| Complete 
|  41|0x0000000705200000, 0x0000000705400000, 0x0000000705400000|100%| E|CS|TAMS 0x0000000705200000, 0x0000000705200000| Complete 
|  42|0x0000000705400000, 0x0000000705600000, 0x0000000705600000|100%| E|CS|TAMS 0x0000000705400000, 0x0000000705400000| Complete 
|  43|0x0000000705600000, 0x0000000705800000, 0x0000000705800000|100%| E|CS|TAMS 0x0000000705600000, 0x0000000705600000| Complete 
|  44|0x0000000705800000, 0x0000000705a00000, 0x0000000705a00000|100%| E|CS|TAMS 0x0000000705800000, 0x0000000705800000| Complete 
|  45|0x0000000705a00000, 0x0000000705c00000, 0x0000000705c00000|100%| E|CS|TAMS 0x0000000705a00000, 0x0000000705a00000| Complete 
|  46|0x0000000705c00000, 0x0000000705e00000, 0x0000000705e00000|100%| E|CS|TAMS 0x0000000705c00000, 0x0000000705c00000| Complete 
|  47|0x0000000705e00000, 0x0000000706000000, 0x0000000706000000|100%| E|CS|TAMS 0x0000000705e00000, 0x0000000705e00000| Complete 
|  53|0x0000000706a00000, 0x0000000706a6e1b8, 0x0000000706c00000| 21%| E|CS|TAMS 0x0000000706a00000, 0x0000000706a00000| Complete 
|  54|0x0000000706c00000, 0x0000000706e00000, 0x0000000706e00000|100%| E|CS|TAMS 0x0000000706c00000, 0x0000000706c00000| Complete 
|  55|0x0000000706e00000, 0x0000000707000000, 0x0000000707000000|100%| E|CS|TAMS 0x0000000706e00000, 0x0000000706e00000| Complete 
|  63|0x0000000707e00000, 0x0000000708000000, 0x0000000708000000|100%| E|CS|TAMS 0x0000000707e00000, 0x0000000707e00000| Complete 
|2046|0x00000007ffc00000, 0x00000007ffd76000, 0x00000007ffe00000| 73%|OA|  |TAMS 0x00000007ffd76000, 0x00000007ffc00000| Untracked 
|2047|0x00000007ffe00000, 0x00000007ffe80000, 0x0000000800000000| 25%|CA|  |TAMS 0x00000007ffe80000, 0x00000007ffe00000| Untracked 

Card table byte_map: [0x0000000119e96000,0x000000011a696000] _byte_map_base: 0x0000000116696000

Marking Bits (Prev, Next): (CMBitMap*) 0x00007ff386035850, (CMBitMap*) 0x00007ff386035810
 Prev Bits: [0x000000011ee96000, 0x0000000122e96000)
 Next Bits: [0x000000011ae96000, 0x000000011ee96000)

Polling page: 0x000000010161a000

Metaspace:

Usage:
  Non-class:     25.53 MB used.
      Class:      4.29 MB used.
       Both:     29.82 MB used.

Virtual space:
  Non-class space:       64.00 MB reserved,      25.75 MB ( 40%) committed,  1 nodes.
      Class space:        1.00 GB reserved,       4.50 MB ( <1%) committed,  1 nodes.
             Both:        1.06 GB reserved,      30.25 MB (  3%) committed. 

Chunk freelists:
   Non-Class:  5.80 MB
       Class:  11.53 MB
        Both:  17.33 MB

MaxMetaspaceSize: unlimited
CompressedClassSpaceSize: 1.00 GB
Initial GC threshold: 21.00 MB
Current GC threshold: 35.31 MB
CDS: on
MetaspaceReclaimPolicy: balanced
 - commit_granule_bytes: 65536.
 - commit_granule_words: 8192.
 - virtual_space_node_default_size: 8388608.
 - enlarge_chunks_in_place: 1.
 - new_chunks_are_fully_committed: 0.
 - uncommit_free_chunks: 1.
 - use_allocation_guard: 0.
 - handle_deallocations: 1.


Internal statistics:

num_allocs_failed_limit: 3.
num_arena_births: 372.
num_arena_deaths: 0.
num_vsnodes_births: 2.
num_vsnodes_deaths: 0.
num_space_committed: 484.
num_space_uncommitted: 0.
num_chunks_returned_to_freelist: 3.
num_chunks_taken_from_freelist: 1519.
num_chunk_merges: 3.
num_chunk_splits: 995.
num_chunks_enlarged: 696.
num_inconsistent_stats: 0.

CodeHeap 'non-profiled nmethods': size=120028Kb used=1425Kb max_used=1425Kb free=118602Kb
 bounds [0x000000011295f000, 0x0000000112bcf000, 0x0000000119e96000]
CodeHeap 'profiled nmethods': size=120028Kb used=7009Kb max_used=7009Kb free=113018Kb
 bounds [0x000000010ae96000, 0x000000010b576000, 0x00000001123cd000]
CodeHeap 'non-nmethods': size=5704Kb used=1579Kb max_used=1604Kb free=4124Kb
 bounds [0x00000001123cd000, 0x000000011263d000, 0x000000011295f000]
 total_blobs=4172 nmethods=3520 adapters=564
 compilation: enabled
              stopped_count=0, restarted_count=0
 full_count=0

Compilation events (20 events):
Event: 3.446 Thread 0x00007ff38a808200 nmethod 3528 0x000000010b56a290 code [0x000000010b56a520, 0x000000010b56b000]
Event: 3.447 Thread 0x00007ff38a808200 3529       3       jdk.internal.jrtfs.JrtFileSystem::checkNode (40 bytes)
Event: 3.447 Thread 0x00007ff38a808200 nmethod 3529 0x000000010b56b410 code [0x000000010b56b620, 0x000000010b56bae0]
Event: 3.447 Thread 0x00007ff38a808200 3530       3       jdk.internal.jrtfs.JrtFileSystem::ensureOpen (16 bytes)
Event: 3.447 Thread 0x00007ff38a808200 nmethod 3530 0x000000010b56bd10 code [0x000000010b56bec0, 0x000000010b56c100]
Event: 3.447 Thread 0x00007ff38a808200 3531   !   3       jdk.internal.jrtfs.JrtFileSystem::lookup (23 bytes)
Event: 3.447 Thread 0x00007ff38a808200 nmethod 3531 0x000000010b56c210 code [0x000000010b56c3e0, 0x000000010b56c780]
Event: 3.447 Thread 0x00007ff38a808200 3532       3       jdk.internal.jrtfs.SystemImage$1::findNode (9 bytes)
Event: 3.448 Thread 0x00007ff38a808200 nmethod 3532 0x000000010b56c910 code [0x000000010b56cae0, 0x000000010b56ce10]
Event: 3.448 Thread 0x00007ff38a808200 3533       3       jdk.internal.jrtfs.JrtFileSystem$$Lambda$529/0x0000000126475498::apply (16 bytes)
Event: 3.448 Thread 0x00007ff38a808200 nmethod 3533 0x000000010b56cf90 code [0x000000010b56d140, 0x000000010b56d380]
Event: 3.450 Thread 0x00007ff38a808200 3534       3       jdk.internal.jimage.ImageReader$SharedImageReader$$Lambda$528/0x00000001264749f0::visit (13 bytes)
Event: 3.451 Thread 0x00007ff38a808200 nmethod 3534 0x000000010b56d490 code [0x000000010b56d640, 0x000000010b56d7a0]
Event: 3.451 Thread 0x00007ff38a808200 3535       3       jdk.internal.jimage.ImageReader$SharedImageReader::lambda$handleModulesSubTree$1 (43 bytes)
Event: 3.451 Thread 0x00007ff38a808200 nmethod 3535 0x000000010b56d890 code [0x000000010b56dac0, 0x000000010b56e010]
Event: 3.451 Thread 0x00007ff38a808200 3536       3       jdk.internal.jimage.ImageLocation::getFullName (6 bytes)
Event: 3.451 Thread 0x00007ff38a808200 nmethod 3536 0x000000010b56e310 code [0x000000010b56e4c0, 0x000000010b56e600]
Event: 3.451 Thread 0x00007ff38a808200 3537       3       jdk.internal.jimage.ImageLocation::buildName (128 bytes)
Event: 3.453 Thread 0x00007ff386885400 nmethod 3486 0x0000000112ac2810 code [0x0000000112ac29e0, 0x0000000112ac2fe8]
Event: 3.453 Thread 0x00007ff386885400 3466       4       java.util.HashMap::get (19 bytes)

GC Heap History (11 events):
Event: 0.300 GC heap before
{Heap before GC invocations=0 (full 0):
 garbage-first heap   total 135168K, used 22488K [0x0000000700000000, 0x0000000800000000)
  region size 2048K, 11 young (22528K), 0 survivors (0K)
 Metaspace       used 1078K, committed 1216K, reserved 1114112K
  class space    used 74K, committed 128K, reserved 1048576K
}
Event: 0.303 GC heap after
{Heap after GC invocations=1 (full 0):
 garbage-first heap   total 135168K, used 5871K [0x0000000700000000, 0x0000000800000000)
  region size 2048K, 2 young (4096K), 2 survivors (4096K)
 Metaspace       used 1078K, committed 1216K, reserved 1114112K
  class space    used 74K, committed 128K, reserved 1048576K
}
Event: 0.786 GC heap before
{Heap before GC invocations=1 (full 0):
 garbage-first heap   total 135168K, used 50927K [0x0000000700000000, 0x0000000800000000)
  region size 2048K, 22 young (45056K), 2 survivors (4096K)
 Metaspace       used 4373K, committed 4544K, reserved 1114112K
  class space    used 560K, committed 640K, reserved 1048576K
}
Event: 0.793 GC heap after
{Heap after GC invocations=2 (full 0):
 garbage-first heap   total 135168K, used 14307K [0x0000000700000000, 0x0000000800000000)
  region size 2048K, 3 young (6144K), 3 survivors (6144K)
 Metaspace       used 4373K, committed 4544K, reserved 1114112K
  class space    used 560K, committed 640K, reserved 1048576K
}
Event: 1.437 GC heap before
{Heap before GC invocations=2 (full 0):
 garbage-first heap   total 135168K, used 63459K [0x0000000700000000, 0x0000000800000000)
  region size 2048K, 28 young (57344K), 3 survivors (6144K)
 Metaspace       used 10887K, committed 11072K, reserved 1114112K
  class space    used 1498K, committed 1600K, reserved 1048576K
}
Event: 1.448 GC heap after
{Heap after GC invocations=3 (full 0):
 garbage-first heap   total 135168K, used 21339K [0x0000000700000000, 0x0000000800000000)
  region size 2048K, 4 young (8192K), 4 survivors (8192K)
 Metaspace       used 10887K, committed 11072K, reserved 1114112K
  class space    used 1498K, committed 1600K, reserved 1048576K
}
Event: 2.433 GC heap before
{Heap before GC invocations=3 (full 0):
 garbage-first heap   total 135168K, used 86875K [0x0000000700000000, 0x0000000800000000)
  region size 2048K, 36 young (73728K), 4 survivors (8192K)
 Metaspace       used 19504K, committed 19776K, reserved 1114112K
  class space    used 2902K, committed 3008K, reserved 1048576K
}
Event: 2.445 GC heap after
{Heap after GC invocations=4 (full 0):
 garbage-first heap   total 135168K, used 24985K [0x0000000700000000, 0x0000000800000000)
  region size 2048K, 2 young (4096K), 2 survivors (4096K)
 Metaspace       used 19504K, committed 19776K, reserved 1114112K
  class space    used 2902K, committed 3008K, reserved 1048576K
}
Event: 2.652 GC heap before
{Heap before GC invocations=4 (full 0):
 garbage-first heap   total 135168K, used 39321K [0x0000000700000000, 0x0000000800000000)
  region size 2048K, 10 young (20480K), 2 survivors (4096K)
 Metaspace       used 21200K, committed 21504K, reserved 1114112K
  class space    used 3165K, committed 3328K, reserved 1048576K
}
Event: 2.655 GC heap after
{Heap after GC invocations=5 (full 0):
 garbage-first heap   total 135168K, used 25824K [0x0000000700000000, 0x0000000800000000)
  region size 2048K, 3 young (6144K), 3 survivors (6144K)
 Metaspace       used 21200K, committed 21504K, reserved 1114112K
  class space    used 3165K, committed 3328K, reserved 1048576K
}
Event: 3.453 GC heap before
{Heap before GC invocations=6 (full 0):
 garbage-first heap   total 110592K, used 83168K [0x0000000700000000, 0x0000000800000000)
  region size 2048K, 32 young (65536K), 3 survivors (6144K)
 Metaspace       used 30537K, committed 30976K, reserved 1114112K
  class space    used 4391K, committed 4608K, reserved 1048576K
}

Deoptimization events (20 events):
Event: 3.361 Thread 0x00007ff386a6ec00 DEOPT PACKING pc=0x000000010b50c944 sp=0x00007000025c9080
Event: 3.361 Thread 0x00007ff386a6ec00 DEOPT UNPACKING pc=0x000000011241f82f sp=0x00007000025c8520 mode 0
Event: 3.362 Thread 0x00007ff386a6ec00 DEOPT PACKING pc=0x000000010b50cebd sp=0x00007000025c9150
Event: 3.362 Thread 0x00007ff386a6ec00 DEOPT UNPACKING pc=0x000000011241f82f sp=0x00007000025c8628 mode 0
Event: 3.370 Thread 0x00007ff386a6ec00 DEOPT PACKING pc=0x000000010b51985e sp=0x00007000025c9050
Event: 3.370 Thread 0x00007ff386a6ec00 DEOPT UNPACKING pc=0x000000011241f82f sp=0x00007000025c8510 mode 0
Event: 3.370 Thread 0x00007ff386a6ec00 DEOPT PACKING pc=0x000000010b51a345 sp=0x00007000025c8fd0
Event: 3.370 Thread 0x00007ff386a6ec00 DEOPT UNPACKING pc=0x000000011241f82f sp=0x00007000025c8488 mode 0
Event: 3.370 Thread 0x00007ff386a6ec00 DEOPT PACKING pc=0x000000010b51985e sp=0x00007000025c9020
Event: 3.370 Thread 0x00007ff386a6ec00 DEOPT UNPACKING pc=0x000000011241f82f sp=0x00007000025c84d8 mode 0
Event: 3.370 Thread 0x00007ff386a6ec00 DEOPT PACKING pc=0x000000010b51a345 sp=0x00007000025c9020
Event: 3.370 Thread 0x00007ff386a6ec00 DEOPT UNPACKING pc=0x000000011241f82f sp=0x00007000025c84c0 mode 0
Event: 3.396 Thread 0x00007ff386a6ec00 Uncommon trap: trap_request=0xffffffc6 fr.pc=0x00000001129d0728 relative=0x00000000000008e8
Event: 3.396 Thread 0x00007ff386a6ec00 Uncommon trap: reason=bimorphic_or_optimized_type_check action=maybe_recompile pc=0x00000001129d0728 method=java.util.HashMap.getNode(Ljava/lang/Object;)Ljava/util/HashMap$Node; @ 63 c2
Event: 3.396 Thread 0x00007ff386a6ec00 DEOPT PACKING pc=0x00000001129d0728 sp=0x00007000025c93a0
Event: 3.396 Thread 0x00007ff386a6ec00 DEOPT UNPACKING pc=0x000000011241f099 sp=0x00007000025c92d8 mode 2
Event: 3.407 Thread 0x00007ff386a6ec00 Uncommon trap: trap_request=0xffffff6e fr.pc=0x0000000112abc9a0 relative=0x00000000000004c0
Event: 3.407 Thread 0x00007ff386a6ec00 Uncommon trap: reason=loop_limit_check action=maybe_recompile pc=0x0000000112abc9a0 method=java.util.regex.Pattern$Start.match(Ljava/util/regex/Matcher;ILjava/lang/CharSequence;)Z @ 34 c2
Event: 3.407 Thread 0x00007ff386a6ec00 DEOPT PACKING pc=0x0000000112abc9a0 sp=0x00007000025c92c0
Event: 3.407 Thread 0x00007ff386a6ec00 DEOPT UNPACKING pc=0x000000011241f099 sp=0x00007000025c9220 mode 2

Classes unloaded (0 events):
No events

Classes redefined (0 events):
No events

Internal exceptions (20 events):
Event: 2.902 Thread 0x00007ff386a6ec00 Exception <a 'java/lang/NoSuchMethodError'{0x0000000704eaaa68}: 'java.lang.Object java.lang.invoke.DirectMethodHandle$Holder.newInvokeSpecial(java.lang.Object, java.lang.Object, long)'> (0x0000000704eaaa68) 
thrown [open/src/hotspot/share/interpreter/linkResolver.cpp, line 759]
Event: 2.902 Thread 0x00007ff386a6ec00 Exception <a 'java/lang/NoSuchMethodError'{0x0000000704eaf078}: 'java.lang.Object java.lang.invoke.Invokers$Holder.linkToTargetMethod(java.lang.Object, long, java.lang.Object)'> (0x0000000704eaf078) 
thrown [open/src/hotspot/share/interpreter/linkResolver.cpp, line 759]
Event: 2.935 Thread 0x00007ff386a6ec00 Exception <a 'java/lang/NoSuchMethodError'{0x0000000704d14dd8}: 'int java.lang.invoke.DirectMethodHandle$Holder.invokeInterface(java.lang.Object, java.lang.Object)'> (0x0000000704d14dd8) 
thrown [open/src/hotspot/share/interpreter/linkResolver.cpp, line 759]
Event: 2.943 Thread 0x00007ff386a6ec00 Exception <a 'java/lang/NoSuchMethodError'{0x0000000704dedaa8}: 'java.lang.Object java.lang.invoke.DirectMethodHandle$Holder.invokeVirtual(java.lang.Object, java.lang.Object, int)'> (0x0000000704dedaa8) 
thrown [open/src/hotspot/share/interpreter/linkResolver.cpp, line 759]
Event: 2.956 Thread 0x00007ff386a6ec00 Exception <a 'java/lang/NoSuchMethodError'{0x0000000704ab1368}: 'java.lang.Object java.lang.invoke.DirectMethodHandle$Holder.invokeStatic(java.lang.Object, java.lang.Object, int, java.lang.Object)'> (0x0000000704ab1368) 
thrown [open/src/hotspot/share/interpreter/linkResolver.cpp, line 759]
Event: 2.957 Thread 0x00007ff386a6ec00 Exception <a 'java/lang/NoSuchMethodError'{0x0000000704ab92e8}: 'java.lang.Object java.lang.invoke.DirectMethodHandle$Holder.newInvokeSpecial(java.lang.Object, java.lang.Object, int, java.lang.Object)'> (0x0000000704ab92e8) 
thrown [open/src/hotspot/share/interpreter/linkResolver.cpp, line 759]
Event: 2.957 Thread 0x00007ff386a6ec00 Exception <a 'java/lang/NoSuchMethodError'{0x0000000704abdcc8}: 'java.lang.Object java.lang.invoke.DirectMethodHandle$Holder.invokeSpecial(java.lang.Object, java.lang.Object, java.lang.Object, int, java.lang.Object)'> (0x0000000704abdcc8) 
thrown [open/src/hotspot/share/interpreter/linkResolver.cpp, line 759]
Event: 3.029 Thread 0x00007ff386a6ec00 Exception <a 'java/lang/NoSuchMethodError'{0x0000000704741470}: 'java.lang.Object java.lang.invoke.DirectMethodHandle$Holder.invokeStaticInit(java.lang.Object, java.lang.Object, java.lang.Object, java.lang.Object, java.lang.Object, java.lang.Object, java.lang.Object)'> (0x0000000704741470) 
thrown [open/src/hotspot/share/interpreter/linkResolver.cpp, line 759]
Event: 3.031 Thread 0x00007ff386a6ec00 Exception <a 'java/lang/NoSuchMethodError'{0x000000070476a8e0}: 'java.lang.Object java.lang.invoke.DirectMethodHandle$Holder.invokeSpecial(java.lang.Object, java.lang.Object, java.lang.Object, int, java.lang.Object, java.lang.Object)'> (0x000000070476a8e0) 
thrown [open/src/hotspot/share/interpreter/linkResolver.cpp, line 759]
Event: 3.108 Thread 0x00007ff386a6ec00 Exception <a 'java/lang/NoSuchMethodError'{0x0000000703e551f0}: 'java.lang.Object java.lang.invoke.DirectMethodHandle$Holder.invokeStaticInit(java.lang.Object, java.lang.Object, java.lang.Object)'> (0x0000000703e551f0) 
thrown [open/src/hotspot/share/interpreter/linkResolver.cpp, line 759]
Event: 3.121 Thread 0x00007ff386a6ec00 Exception <a 'java/lang/NoSuchMethodError'{0x0000000703f71420}: 'void java.lang.invoke.DirectMethodHandle$Holder.invokeStaticInit(java.lang.Object, java.lang.Object, java.lang.Object)'> (0x0000000703f71420) 
thrown [open/src/hotspot/share/interpreter/linkResolver.cpp, line 759]
Event: 3.123 Thread 0x00007ff386a6ec00 Exception <a 'java/lang/NoSuchMethodError'{0x0000000703f967b8}: 'void java.lang.invoke.DirectMethodHandle$Holder.invokeStaticInit(java.lang.Object, java.lang.Object, java.lang.Object, java.lang.Object, java.lang.Object)'> (0x0000000703f967b8) 
thrown [open/src/hotspot/share/interpreter/linkResolver.cpp, line 759]
Event: 3.130 Thread 0x00007ff386a6ec00 Exception <a 'java/lang/NoSuchMethodError'{0x0000000703ff2360}: 'int java.lang.invoke.DirectMethodHandle$Holder.invokeStaticInit(java.lang.Object, java.lang.Object, java.lang.Object, java.lang.Object)'> (0x0000000703ff2360) 
thrown [open/src/hotspot/share/interpreter/linkResolver.cpp, line 759]
Event: 3.288 Thread 0x00007ff386a6ec00 Exception <a 'java/lang/ClassNotFoundException'{0x00000007033e4f58}: groovy/lang/ExpandoMetaClassBeanInfo> (0x00000007033e4f58) 
thrown [open/src/hotspot/share/classfile/systemDictionary.cpp, line 256]
Event: 3.289 Thread 0x00007ff386a6ec00 Exception <a 'java/lang/ClassNotFoundException'{0x00000007033fc530}: groovy/lang/MetaClassImplBeanInfo> (0x00000007033fc530) 
thrown [open/src/hotspot/share/classfile/systemDictionary.cpp, line 256]
Event: 3.289 Thread 0x00007ff386a6ec00 Exception <a 'java/lang/ClassNotFoundException'{0x0000000703002508}: java/lang/ObjectBeanInfo> (0x0000000703002508) 
thrown [open/src/hotspot/share/classfile/systemDictionary.cpp, line 256]
Event: 3.289 Thread 0x00007ff386a6ec00 Exception <a 'java/lang/ClassNotFoundException'{0x0000000703008cc8}: java/lang/ObjectCustomizer> (0x0000000703008cc8) 
thrown [open/src/hotspot/share/classfile/systemDictionary.cpp, line 256]
Event: 3.293 Thread 0x00007ff386a6ec00 Exception <a 'java/lang/IncompatibleClassChangeError'{0x0000000703018760}: Found class java.lang.Object, but interface was expected> (0x0000000703018760) 
thrown [open/src/hotspot/share/interpreter/linkResolver.cpp, line 826]
Event: 3.295 Thread 0x00007ff386a6ec00 Exception <a 'java/lang/ClassNotFoundException'{0x000000070303eb10}: groovy/lang/MetaClassImplCustomizer> (0x000000070303eb10) 
thrown [open/src/hotspot/share/classfile/systemDictionary.cpp, line 256]
Event: 3.298 Thread 0x00007ff386a6ec00 Exception <a 'java/lang/ClassNotFoundException'{0x0000000703075748}: groovy/lang/ExpandoMetaClassCustomizer> (0x0000000703075748) 
thrown [open/src/hotspot/share/classfile/systemDictionary.cpp, line 256]

VM Operations (20 events):
Event: 3.002 Executing VM operation: HandshakeAllThreads done
Event: 3.002 Executing VM operation: HandshakeAllThreads
Event: 3.002 Executing VM operation: HandshakeAllThreads done
Event: 3.092 Executing VM operation: HandshakeAllThreads
Event: 3.092 Executing VM operation: HandshakeAllThreads done
Event: 3.198 Executing VM operation: HandshakeAllThreads
Event: 3.198 Executing VM operation: HandshakeAllThreads done
Event: 3.262 Executing VM operation: HandshakeAllThreads
Event: 3.262 Executing VM operation: HandshakeAllThreads done
Event: 3.294 Executing VM operation: HandshakeAllThreads
Event: 3.294 Executing VM operation: HandshakeAllThreads done
Event: 3.304 Executing VM operation: ICBufferFull
Event: 3.304 Executing VM operation: ICBufferFull done
Event: 3.354 Executing VM operation: HandshakeAllThreads
Event: 3.354 Executing VM operation: HandshakeAllThreads done
Event: 3.355 Executing VM operation: HandshakeAllThreads
Event: 3.355 Executing VM operation: HandshakeAllThreads done
Event: 3.413 Executing VM operation: HandshakeAllThreads
Event: 3.413 Executing VM operation: HandshakeAllThreads done
Event: 3.453 Executing VM operation: G1CollectForAllocation

Events (20 events):
Event: 3.411 loading class jdk/internal/jimage/ImageReader$Directory
Event: 3.411 loading class jdk/internal/jimage/ImageReader$Node
Event: 3.411 loading class jdk/internal/jimage/ImageReader$Node done
Event: 3.411 loading class jdk/internal/jimage/ImageReader$Directory done
Event: 3.411 loading class jdk/internal/jrtfs/SystemImage$1
Event: 3.411 loading class jdk/internal/jrtfs/SystemImage$1 done
Event: 3.411 loading class jdk/internal/jimage/ImageReader$SharedImageReader$LocationVisitor
Event: 3.412 loading class jdk/internal/jimage/ImageReader$SharedImageReader$LocationVisitor done
Event: 3.412 loading class java/nio/ByteBufferAsIntBufferL
Event: 3.413 loading class java/nio/ByteBufferAsIntBufferL done
Event: 3.413 loading class jdk/internal/jrtfs/JrtFileAttributes
Event: 3.414 loading class jdk/internal/jrtfs/JrtFileAttributes done
Event: 3.414 loading class jdk/internal/jrtfs/JrtDirectoryStream
Event: 3.414 loading class jdk/internal/jrtfs/JrtDirectoryStream done
Event: 3.415 loading class jdk/internal/jrtfs/JrtDirectoryStream$1
Event: 3.415 loading class jdk/internal/jrtfs/JrtDirectoryStream$1 done
Event: 3.415 loading class java/util/function/BooleanSupplier
Event: 3.415 loading class java/util/function/BooleanSupplier done
Event: 3.415 loading class jdk/internal/jimage/ImageReader$Resource
Event: 3.415 loading class jdk/internal/jimage/ImageReader$Resource done


Dynamic libraries:
0x000000010161c000 	/Library/Java/JavaVirtualMachines/jdk-17.jdk/Contents/Home/lib/libjli.dylib
0x00007ff817576000 	/usr/lib/libz.1.dylib
0x00007ff817661000 	/usr/lib/libSystem.B.dylib
0x00007ff81765b000 	/usr/lib/system/libcache.dylib
0x00007ff817614000 	/usr/lib/system/libcommonCrypto.dylib
0x00007ff81763e000 	/usr/lib/system/libcompiler_rt.dylib
0x00007ff817632000 	/usr/lib/system/libcopyfile.dylib
0x00007ff808e9e000 	/usr/lib/system/libcorecrypto.dylib
0x00007ff808f9c000 	/usr/lib/system/libdispatch.dylib
0x00007ff80914f000 	/usr/lib/system/libdyld.dylib
0x00007ff817651000 	/usr/lib/system/libkeymgr.dylib
0x00007ff8175f9000 	/usr/lib/system/libmacho.dylib
0x00007ff816932000 	/usr/lib/system/libquarantine.dylib
0x00007ff81764e000 	/usr/lib/system/libremovefile.dylib
0x00007ff80ed7f000 	/usr/lib/system/libsystem_asl.dylib
0x00007ff808e38000 	/usr/lib/system/libsystem_blocks.dylib
0x00007ff808fe7000 	/usr/lib/system/libsystem_c.dylib
0x00007ff817646000 	/usr/lib/system/libsystem_collections.dylib
0x00007ff815801000 	/usr/lib/system/libsystem_configuration.dylib
0x00007ff814557000 	/usr/lib/system/libsystem_containermanager.dylib
0x00007ff8171bf000 	/usr/lib/system/libsystem_coreservices.dylib
0x00007ff80c7b0000 	/usr/lib/system/libsystem_darwin.dylib
0x00007ffd18ea4000 	/usr/lib/system/libsystem_darwindirectory.dylib
0x00007ff817652000 	/usr/lib/system/libsystem_dnssd.dylib
0x00007ffd18ea9000 	/usr/lib/system/libsystem_eligibility.dylib
0x00007ff808fe4000 	/usr/lib/system/libsystem_featureflags.dylib
0x00007ff809188000 	/usr/lib/system/libsystem_info.dylib
0x00007ff81758a000 	/usr/lib/system/libsystem_m.dylib
0x00007ff808f51000 	/usr/lib/system/libsystem_malloc.dylib
0x00007ff80ecef000 	/usr/lib/system/libsystem_networkextension.dylib
0x00007ff80cbec000 	/usr/lib/system/libsystem_notify.dylib
0x00007ff815805000 	/usr/lib/system/libsystem_sandbox.dylib
0x00007ffd18eb1000 	/usr/lib/system/libsystem_sanitizers.dylib
0x00007ff81764b000 	/usr/lib/system/libsystem_secinit.dylib
0x00007ff809106000 	/usr/lib/system/libsystem_kernel.dylib
0x00007ff80917e000 	/usr/lib/system/libsystem_platform.dylib
0x00007ff809143000 	/usr/lib/system/libsystem_pthread.dylib
0x00007ff810b2e000 	/usr/lib/system/libsystem_symptoms.dylib
0x00007ff808e83000 	/usr/lib/system/libsystem_trace.dylib
0x00007ff817621000 	/usr/lib/system/libunwind.dylib
0x00007ff808e3c000 	/usr/lib/system/libxpc.dylib
0x00007ff808d57000 	/usr/lib/libobjc.A.dylib
0x00007ff8091b6000 	/System/Library/Frameworks/CoreFoundation.framework/Versions/A/CoreFoundation
0x00007ff81b03c000 	/usr/lib/swift/libswiftCore.dylib
0x00007ff8090ef000 	/usr/lib/libc++abi.dylib
0x00007ffd17903000 	/usr/lib/libRosetta.dylib
0x00007ff809070000 	/usr/lib/libc++.1.dylib
0x00007ff80a317000 	/System/Library/Frameworks/Foundation.framework/Versions/C/Foundation
0x00007ff823e5b000 	/usr/lib/swift/libswiftObjectiveC.dylib
0x00007ff80caa4000 	/System/Library/PrivateFrameworks/CoreServicesInternal.framework/Versions/A/CoreServicesInternal
0x00007ff81762a000 	/usr/lib/liboah.dylib
0x00007ff817663000 	/usr/lib/libfakelink.dylib
0x00007ff80c507000 	/usr/lib/libicucore.A.dylib
0x00007ff817666000 	/System/Library/PrivateFrameworks/SoftLinking.framework/Versions/A/SoftLinking
0x00007ff81f528000 	/System/Library/Frameworks/CoreServices.framework/Versions/A/CoreServices
0x00007ff80c123000 	/System/Library/Frameworks/Security.framework/Versions/A/Security
0x00007ff80cb26000 	/System/Library/Frameworks/IOKit.framework/Versions/A/IOKit
0x00007ff82346b000 	/System/Library/PrivateFrameworks/DiskImages.framework/Versions/A/DiskImages
0x00007ff90efb9000 	/System/Library/Frameworks/NetFS.framework/Versions/A/NetFS
0x00007ff80e948000 	/System/Library/Frameworks/CFNetwork.framework/Versions/A/CFNetwork
0x00007ff812ae7000 	/System/Library/Frameworks/CoreServices.framework/Versions/A/Frameworks/FSEvents.framework/Versions/A/FSEvents
0x00007ff80c7bb000 	/System/Library/Frameworks/CoreServices.framework/Versions/A/Frameworks/CarbonCore.framework/Versions/A/CarbonCore
0x00007ff811cd5000 	/System/Library/Frameworks/CoreServices.framework/Versions/A/Frameworks/Metadata.framework/Versions/A/Metadata
0x00007ff8171c6000 	/System/Library/Frameworks/CoreServices.framework/Versions/A/Frameworks/OSServices.framework/Versions/A/OSServices
0x00007ff817790000 	/System/Library/Frameworks/CoreServices.framework/Versions/A/Frameworks/SearchKit.framework/Versions/A/SearchKit
0x00007ff810aae000 	/System/Library/Frameworks/CoreServices.framework/Versions/A/Frameworks/AE.framework/Versions/A/AE
0x00007ff80966b000 	/System/Library/Frameworks/CoreServices.framework/Versions/A/Frameworks/LaunchServices.framework/Versions/A/LaunchServices
0x00007ff818da3000 	/System/Library/Frameworks/CoreServices.framework/Versions/A/Frameworks/DictionaryServices.framework/Versions/A/DictionaryServices
0x00007ff812af5000 	/System/Library/Frameworks/CoreServices.framework/Versions/A/Frameworks/SharedFileList.framework/Versions/A/SharedFileList
0x00007ff809fa3000 	/System/Library/Frameworks/SystemConfiguration.framework/Versions/A/SystemConfiguration
0x00007ff817812000 	/usr/lib/libapple_nghttp2.dylib
0x00007ff81785f000 	/usr/lib/libcompression.dylib
0x00007ff81070a000 	/usr/lib/libsqlite3.dylib
0x00007ff811c48000 	/System/Library/PrivateFrameworks/CoreAnalytics.framework/Versions/A/CoreAnalytics
0x00007ff80f284000 	/System/Library/Frameworks/CoreGraphics.framework/Versions/A/CoreGraphics
0x00007ff81bc53000 	/System/Library/Frameworks/GSS.framework/Versions/A/GSS
0x00007ff81a245000 	/System/Library/PrivateFrameworks/InternationalSupport.framework/Versions/A/InternationalSupport
0x00007ff810a49000 	/System/Library/PrivateFrameworks/RunningBoardServices.framework/Versions/A/RunningBoardServices
0x00007ff80ed09000 	/usr/lib/libenergytrace.dylib
0x00007ff810b36000 	/System/Library/Frameworks/Network.framework/Versions/A/Network
0x00007ff811c76000 	/usr/lib/libDiagnosticMessagesClient.dylib
0x00007ff816957000 	/usr/lib/libbsm.0.dylib
0x00007ff8175fd000 	/usr/lib/system/libkxld.dylib
0x00007ffb1cc6f000 	/System/Library/PrivateFrameworks/AppleKeyStore.framework/Versions/A/AppleKeyStore
0x00007ffd177d0000 	/usr/lib/libCoreEntitlements.dylib
0x00007ffc17015000 	/System/Library/PrivateFrameworks/MessageSecurity.framework/Versions/A/MessageSecurity
0x00007ff8106f0000 	/System/Library/PrivateFrameworks/ProtocolBuffer.framework/Versions/A/ProtocolBuffer
0x00007ff80ed0a000 	/usr/lib/libMobileGestalt.dylib
0x00007ff8171a5000 	/System/Library/PrivateFrameworks/AppleFSCompression.framework/Versions/A/AppleFSCompression
0x00007ff81693f000 	/usr/lib/libcoretls.dylib
0x00007ff818e11000 	/usr/lib/libcoretls_cfhelpers.dylib
0x00007ff817859000 	/usr/lib/libpam.2.dylib
0x00007ff818e8b000 	/usr/lib/libxar.1.dylib
0x00007ff812b20000 	/System/Library/PrivateFrameworks/CoreAutoLayout.framework/Versions/A/CoreAutoLayout
0x00007ff811d5d000 	/System/Library/Frameworks/DiskArbitration.framework/Versions/A/DiskArbitration
0x00007ff8176b5000 	/usr/lib/libarchive.2.dylib
0x00007ff812b6a000 	/usr/lib/libxml2.2.dylib
0x00007ff815812000 	/usr/lib/liblangid.dylib
0x00007ff81d397000 	/System/Library/Frameworks/Combine.framework/Versions/A/Combine
0x00007ffb20c2a000 	/System/Library/PrivateFrameworks/CollectionsInternal.framework/Versions/A/CollectionsInternal
0x00007ffc1f46d000 	/System/Library/PrivateFrameworks/ReflectionInternal.framework/Versions/A/ReflectionInternal
0x00007ffc20017000 	/System/Library/PrivateFrameworks/RuntimeInternal.framework/Versions/A/RuntimeInternal
0x00007ff911e5e000 	/usr/lib/swift/libswiftCoreFoundation.dylib
0x00007ff90f481000 	/usr/lib/swift/libswiftDarwin.dylib
0x00007ff8212ff000 	/usr/lib/swift/libswiftDispatch.dylib
0x00007ff911eac000 	/usr/lib/swift/libswiftIOKit.dylib
0x00007ffd18b05000 	/usr/lib/swift/libswiftSystem.dylib
0x00007ff911e6e000 	/usr/lib/swift/libswiftXPC.dylib
0x00007ffd18b71000 	/usr/lib/swift/libswift_Builtin_float.dylib
0x00007ffd18b74000 	/usr/lib/swift/libswift_Concurrency.dylib
0x00007ffd18cbd000 	/usr/lib/swift/libswift_StringProcessing.dylib
0x00007ffd18d42000 	/usr/lib/swift/libswift_errno.dylib
0x00007ffd18d44000 	/usr/lib/swift/libswift_math.dylib
0x00007ffd18d47000 	/usr/lib/swift/libswift_signal.dylib
0x00007ffd18d48000 	/usr/lib/swift/libswift_stdio.dylib
0x00007ffd18d49000 	/usr/lib/swift/libswift_time.dylib
0x00007ff823e5f000 	/usr/lib/swift/libswiftos.dylib
0x00007ffd18d4a000 	/usr/lib/swift/libswiftsys_time.dylib
0x00007ffd18d4b000 	/usr/lib/swift/libswiftunistd.dylib
0x00007ff81580d000 	/System/Library/PrivateFrameworks/AppleSystemInfo.framework/Versions/A/AppleSystemInfo
0x00007ff911d50000 	/System/Library/PrivateFrameworks/LoggingSupport.framework/Versions/A/LoggingSupport
0x00007ff820488000 	/System/Library/PrivateFrameworks/PowerLog.framework/Versions/A/PowerLog
0x00007ffb17652000 	/System/Library/Frameworks/SwiftData.framework/Versions/A/SwiftData
0x00007ff80e386000 	/System/Library/Frameworks/UniformTypeIdentifiers.framework/Versions/A/UniformTypeIdentifiers
0x00007ff812cdf000 	/System/Library/PrivateFrameworks/UserManagement.framework/Versions/A/UserManagement
0x00007ff80e86e000 	/usr/lib/libboringssl.dylib
0x00007ff810b1e000 	/usr/lib/libdns_services.dylib
0x00007ff910f59000 	/usr/lib/libquic.dylib
0x00007ff81afc4000 	/usr/lib/libusrtcp.dylib
0x00007ffa162ad000 	/System/Library/PrivateFrameworks/InternalSwiftProtobuf.framework/Versions/A/InternalSwiftProtobuf
0x00007ffd18a49000 	/usr/lib/swift/libswiftDistributed.dylib
0x00007ffd18a72000 	/usr/lib/swift/libswiftObservation.dylib
0x00007ffd18afb000 	/usr/lib/swift/libswiftSynchronization.dylib
0x00007ff80e947000 	/usr/lib/libnetwork.dylib
0x00007ff922eb0000 	/System/Library/PrivateFrameworks/OSAnalytics.framework/Versions/A/OSAnalytics
0x00007ff8177f0000 	/System/Library/PrivateFrameworks/AppleSauce.framework/Versions/A/AppleSauce
0x00007ff821a93000 	/System/Library/PrivateFrameworks/CoreSymbolication.framework/Versions/A/CoreSymbolication
0x00007ffa11c39000 	/System/Library/PrivateFrameworks/Symbolication.framework/Versions/A/Symbolication
0x00007ff821a73000 	/System/Library/PrivateFrameworks/DebugSymbols.framework/Versions/A/DebugSymbols
0x00007ffd1768f000 	/usr/lib/libAppleArchive.dylib
0x00007ff8171b0000 	/usr/lib/libbz2.1.0.dylib
0x00007ff818df1000 	/usr/lib/liblzma.5.dylib
0x00007ff816647000 	/System/Library/PrivateFrameworks/IOMobileFramebuffer.framework/Versions/A/IOMobileFramebuffer
0x00007ff814586000 	/System/Library/Frameworks/IOSurface.framework/Versions/A/IOSurface
0x00007ff911dde000 	/System/Library/PrivateFrameworks/MallocStackLogging.framework/Versions/A/MallocStackLogging
0x00007ff8190e1000 	/System/Library/PrivateFrameworks/CrashReporterSupport.framework/Versions/A/CrashReporterSupport
0x00007ff809d58000 	/System/Library/PrivateFrameworks/Lexicon.framework/Versions/A/Lexicon
0x00007ffc0fe60000 	/System/Library/PrivateFrameworks/IO80211.framework/Versions/A/IO80211
0x00007ff821575000 	/System/Library/PrivateFrameworks/FrontBoardServices.framework/Versions/A/FrontBoardServices
0x00007ff816871000 	/System/Library/Frameworks/SecurityFoundation.framework/Versions/A/SecurityFoundation
0x00007ff8169c2000 	/usr/lib/libgermantok.dylib
0x00007ff815922000 	/System/Library/PrivateFrameworks/LinguisticData.framework/Versions/A/LinguisticData
0x00007ff810966000 	/System/Library/PrivateFrameworks/BaseBoard.framework/Versions/A/BaseBoard
0x00007ff821643000 	/System/Library/PrivateFrameworks/BoardServices.framework/Versions/A/BoardServices
0x00007ff816864000 	/System/Library/PrivateFrameworks/AssertionServices.framework/Versions/A/AssertionServices
0x00007ff8232a4000 	/System/Library/PrivateFrameworks/BackBoardServices.framework/Versions/A/BackBoardServices
0x00007ff814f9a000 	/System/Library/Frameworks/ImageIO.framework/Versions/A/ImageIO
0x00007ff80edb7000 	/System/Library/PrivateFrameworks/SkyLight.framework/Versions/A/SkyLight
0x00007ff8149a2000 	/System/Library/PrivateFrameworks/FontServices.framework/libFontParser.dylib
0x00007ff81f7d4000 	/System/Library/Frameworks/Accelerate.framework/Versions/A/Accelerate
0x00007ff80ed97000 	/System/Library/PrivateFrameworks/TCC.framework/Versions/A/TCC
0x00007ff826e29000 	/System/Library/PrivateFrameworks/IOSurfaceAccelerator.framework/Versions/A/IOSurfaceAccelerator
0x00007ff8199c0000 	/System/Library/PrivateFrameworks/WatchdogClient.framework/Versions/A/WatchdogClient
0x00007ff80b2bb000 	/System/Library/Frameworks/CoreDisplay.framework/Versions/A/CoreDisplay
0x00007ff81484e000 	/System/Library/Frameworks/CoreMedia.framework/Versions/A/CoreMedia
0x00007ff81459e000 	/System/Library/PrivateFrameworks/IOAccelerator.framework/Versions/A/IOAccelerator
0x00007ff8145a7000 	/System/Library/Frameworks/Metal.framework/Versions/A/Metal
0x00007ff812c4d000 	/System/Library/Frameworks/CoreVideo.framework/Versions/A/CoreVideo
0x00007ff817857000 	/System/Library/Frameworks/MetalPerformanceShaders.framework/Versions/A/MetalPerformanceShaders
0x00007ff8199c2000 	/System/Library/PrivateFrameworks/MultitouchSupport.framework/Versions/A/MultitouchSupport
0x00007ff81242e000 	/System/Library/Frameworks/QuartzCore.framework/Versions/A/QuartzCore
0x00007ffc1e8be000 	/System/Library/PrivateFrameworks/ProDisplayLibrary.framework/Versions/A/ProDisplayLibrary
0x00007ff819a06000 	/System/Library/Frameworks/VideoToolbox.framework/Versions/A/VideoToolbox
0x00007ff91ed3c000 	/usr/lib/swift/libswiftMetal.dylib
0x00007ffa0e0f5000 	/usr/lib/swift/libswiftOSLog.dylib
0x00007ff924189000 	/usr/lib/swift/libswiftQuartzCore.dylib
0x00007ffa08bf8000 	/usr/lib/swift/libswiftUniformTypeIdentifiers.dylib
0x00007ff9158c4000 	/usr/lib/swift/libswiftsimd.dylib
0x00007ff816849000 	/System/Library/PrivateFrameworks/MobileKeyBag.framework/Versions/A/MobileKeyBag
0x00007ff81580c000 	/System/Library/PrivateFrameworks/AggregateDictionary.framework/Versions/A/AggregateDictionary
0x00007ff818e13000 	/System/Library/PrivateFrameworks/APFS.framework/Versions/A/APFS
0x00007ff818e99000 	/usr/lib/libutil.dylib
0x00007ffd087a6000 	/System/Library/PrivateFrameworks/SwiftASN1Internal.framework/Versions/A/SwiftASN1Internal
0x00007ff811d65000 	/System/Library/Frameworks/Accelerate.framework/Versions/A/Frameworks/vImage.framework/Versions/A/vImage
0x00007ff81f4ff000 	/System/Library/Frameworks/Accelerate.framework/Versions/A/Frameworks/vecLib.framework/Versions/A/vecLib
0x00007ff818ece000 	/System/Library/Frameworks/Accelerate.framework/Versions/A/Frameworks/vecLib.framework/Versions/A/libvMisc.dylib
0x00007ff809af2000 	/System/Library/Frameworks/Accelerate.framework/Versions/A/Frameworks/vecLib.framework/Versions/A/libBLAS.dylib
0x00007ff823994000 	/System/Library/Frameworks/ApplicationServices.framework/Versions/A/ApplicationServices
0x00007ff80fb77000 	/System/Library/Frameworks/ColorSync.framework/Versions/A/ColorSync
0x00007ff80b7a8000 	/System/Library/Frameworks/CoreText.framework/Versions/A/CoreText
0x00007ff81b836000 	/System/Library/Frameworks/ApplicationServices.framework/Versions/A/Frameworks/ATS.framework/Versions/A/ATS
0x00007ff80fd2c000 	/System/Library/Frameworks/ApplicationServices.framework/Versions/A/Frameworks/HIServices.framework/Versions/A/HIServices
0x00007ff81a114000 	/System/Library/Frameworks/ApplicationServices.framework/Versions/A/Frameworks/PrintCore.framework/Versions/A/PrintCore
0x00007ff81bc1d000 	/System/Library/Frameworks/ApplicationServices.framework/Versions/A/Frameworks/QD.framework/Versions/A/QD
0x00007ff81bc15000 	/System/Library/Frameworks/ApplicationServices.framework/Versions/A/Frameworks/ColorSyncLegacy.framework/Versions/A/ColorSyncLegacy
0x00007ff81b80c000 	/System/Library/Frameworks/ApplicationServices.framework/Versions/A/Frameworks/SpeechSynthesis.framework/Versions/A/SpeechSynthesis
0x00007ff816616000 	/System/Library/PrivateFrameworks/CoreEmoji.framework/Versions/A/CoreEmoji
0x00007ffb26cfd000 	/System/Library/PrivateFrameworks/FontServices.framework/Versions/A/FontServices
0x00007ff819524000 	/System/Library/PrivateFrameworks/OTSVG.framework/Versions/A/OTSVG
0x00007ff8127dc000 	/System/Library/Frameworks/ApplicationServices.framework/Versions/A/Frameworks/ATS.framework/Versions/A/Resources/libFontRegistry.dylib
0x00007ffd17e47000 	/usr/lib/libhvf.dylib
0x00007ffc1aea4000 	/System/Library/PrivateFrameworks/ParsingInternal.framework/Versions/A/ParsingInternal
0x00007ffd18a8e000 	/usr/lib/swift/libswiftRegexBuilder.dylib
0x00007ffd18c0f000 	/usr/lib/swift/libswift_RegexParser.dylib
0x00007ff819886000 	/System/Library/PrivateFrameworks/AppleJPEG.framework/Versions/A/AppleJPEG
0x00007ff819344000 	/usr/lib/libexpat.1.dylib
0x00007ff819fdb000 	/System/Library/Frameworks/ImageIO.framework/Versions/A/Resources/libPng.dylib
0x00007ff81a009000 	/System/Library/Frameworks/ImageIO.framework/Versions/A/Resources/libTIFF.dylib
0x00007ff81a0ff000 	/System/Library/Frameworks/ImageIO.framework/Versions/A/Resources/libGIF.dylib
0x00007ff8198d3000 	/System/Library/Frameworks/ImageIO.framework/Versions/A/Resources/libJP2.dylib
0x00007ff819042000 	/usr/lib/libate.dylib
0x00007ff81a09e000 	/System/Library/Frameworks/ImageIO.framework/Versions/A/Resources/libJPEG.dylib
0x00007ff81a095000 	/System/Library/Frameworks/ImageIO.framework/Versions/A/Resources/libRadiance.dylib
0x00007ffc0c04b000 	/System/Library/PrivateFrameworks/GPUCompiler.framework/Versions/32023/Libraries/libllvm-flatbuffers.dylib
0x00007ffb26dc8000 	/System/Library/PrivateFrameworks/FramePacing.framework/Versions/A/FramePacing
0x00007ffb0e8df000 	/System/Library/Frameworks/OpenGL.framework/Versions/A/Libraries/libCoreFSCache.dylib
0x00007ffc07c53000 	/System/Library/PrivateFrameworks/GPUCompiler.framework/Versions/32023/Libraries/libGPUCompilerUtils.dylib
0x00007ffb26cfe000 	/System/Library/PrivateFrameworks/FontServices.framework/libXTFontStaticRegistryData.dylib
0x00007ff81532e000 	/System/Library/Frameworks/CoreImage.framework/Versions/A/CoreImage
0x00007ffc1db9a000 	/System/Library/PrivateFrameworks/PhotosensitivityProcessing.framework/Versions/A/PhotosensitivityProcessing
0x00007ffb0e8eb000 	/System/Library/Frameworks/OpenGL.framework/Versions/A/OpenGL
0x00007ffb0feaf000 	/System/Library/Frameworks/OpenCL.framework/Versions/A/OpenCL
0x00007ff819515000 	/System/Library/PrivateFrameworks/GraphVisualizer.framework/Versions/A/GraphVisualizer
0x00007ffb0e93d000 	/System/Library/Frameworks/OpenGL.framework/Versions/A/Libraries/libGLU.dylib
0x00007ffb0e8fe000 	/System/Library/Frameworks/OpenGL.framework/Versions/A/Libraries/libGFXShared.dylib
0x00007ffb0eafa000 	/System/Library/Frameworks/OpenGL.framework/Versions/A/Libraries/libGL.dylib
0x00007ffb0e907000 	/System/Library/Frameworks/OpenGL.framework/Versions/A/Libraries/libGLImage.dylib
0x00007ffb0e8fb000 	/System/Library/Frameworks/OpenGL.framework/Versions/A/Libraries/libCVMSPluginSupport.dylib
0x00007ffb0e8e6000 	/System/Library/Frameworks/OpenGL.framework/Versions/A/Libraries/libCoreVMClient.dylib
0x00007ff815746000 	/System/Library/Frameworks/MetalPerformanceShaders.framework/Versions/A/Frameworks/MPSCore.framework/Versions/A/MPSCore
0x00007ff817100000 	/System/Library/Frameworks/MetalPerformanceShaders.framework/Versions/A/Frameworks/MPSImage.framework/Versions/A/MPSImage
0x00007ff8169db000 	/System/Library/Frameworks/MetalPerformanceShaders.framework/Versions/A/Frameworks/MPSNeuralNetwork.framework/Versions/A/MPSNeuralNetwork
0x00007ff816f3b000 	/System/Library/Frameworks/MetalPerformanceShaders.framework/Versions/A/Frameworks/MPSMatrix.framework/Versions/A/MPSMatrix
0x00007ff816cf1000 	/System/Library/Frameworks/MetalPerformanceShaders.framework/Versions/A/Frameworks/MPSRayIntersector.framework/Versions/A/MPSRayIntersector
0x00007ff816f7a000 	/System/Library/Frameworks/MetalPerformanceShaders.framework/Versions/A/Frameworks/MPSNDArray.framework/Versions/A/MPSNDArray
0x00007ffb14961000 	/System/Library/Frameworks/MetalPerformanceShaders.framework/Versions/A/Frameworks/MPSFunctions.framework/Versions/A/MPSFunctions
0x00007ffb14943000 	/System/Library/Frameworks/MetalPerformanceShaders.framework/Versions/A/Frameworks/MPSBenchmarkLoop.framework/Versions/A/MPSBenchmarkLoop
0x00007ff809963000 	/System/Library/PrivateFrameworks/MetalTools.framework/Versions/A/MetalTools
0x00007ff916e11000 	/System/Library/PrivateFrameworks/IOAccelMemoryInfo.framework/Versions/A/IOAccelMemoryInfo
0x00007ff92458f000 	/System/Library/PrivateFrameworks/kperf.framework/Versions/A/kperf
0x00007ff911e40000 	/System/Library/PrivateFrameworks/GPURawCounter.framework/Versions/A/GPURawCounter
0x00007ff81a0d0000 	/System/Library/Frameworks/ApplicationServices.framework/Versions/A/Frameworks/ATSUI.framework/Versions/A/ATSUI
0x00007ff81bba7000 	/usr/lib/libcups.2.dylib
0x00007ff81bc44000 	/System/Library/Frameworks/Kerberos.framework/Versions/A/Kerberos
0x00007ff81b8af000 	/usr/lib/libresolv.9.dylib
0x00007ff81769d000 	/usr/lib/libiconv.2.dylib
0x00007ff81957c000 	/System/Library/PrivateFrameworks/Heimdal.framework/Versions/A/Heimdal
0x00007ff823db3000 	/System/Library/Frameworks/Kerberos.framework/Versions/A/Libraries/libHeimdalProxy.dylib
0x00007ff819360000 	/usr/lib/libheimdal-asn1.dylib
0x00007ff812abf000 	/System/Library/Frameworks/OpenDirectory.framework/Versions/A/OpenDirectory
0x00007ff81bc9c000 	/System/Library/PrivateFrameworks/CommonAuth.framework/Versions/A/CommonAuth
0x00007ff812acb000 	/System/Library/Frameworks/OpenDirectory.framework/Versions/A/Frameworks/CFOpenDirectory.framework/Versions/A/CFOpenDirectory
0x00007ff8175f8000 	/usr/lib/libcharset.1.dylib
0x00007ffb11997000 	/System/Library/Frameworks/AVFAudio.framework/Versions/A/AVFAudio
0x00007ff90b69d000 	/System/Library/PrivateFrameworks/AXCoreUtilities.framework/Versions/A/AXCoreUtilities
0x00007ff81b5fd000 	/System/Library/Frameworks/AudioToolbox.framework/Versions/A/AudioToolbox
0x00007ff80b9e1000 	/System/Library/Frameworks/CoreAudio.framework/Versions/A/CoreAudio
0x00007ffc13126000 	/System/Library/PrivateFrameworks/IsolatedCoreAudioClient.framework/Versions/A/IsolatedCoreAudioClient
0x00007ff81b7f4000 	/usr/lib/libAudioStatistics.dylib
0x00007ff81482a000 	/System/Library/PrivateFrameworks/caulk.framework/Versions/A/caulk
0x00007ff80b3e6000 	/System/Library/PrivateFrameworks/AudioToolboxCore.framework/Versions/A/AudioToolboxCore
0x00007ff826252000 	/System/Library/Frameworks/CoreMIDI.framework/Versions/A/CoreMIDI
0x00007ff81b79b000 	/System/Library/PrivateFrameworks/AudioSession.framework/Versions/A/AudioSession
0x00007ff81d11b000 	/System/Library/Frameworks/IOBluetooth.framework/Versions/A/IOBluetooth
0x00007ff81944c000 	/System/Library/PrivateFrameworks/MediaExperience.framework/Versions/A/MediaExperience
0x00007ffd0b1ed000 	/System/Library/PrivateFrameworks/Tightbeam.framework/Versions/A/Tightbeam
0x00007ffb215eb000 	/System/Library/PrivateFrameworks/CoreAudioOrchestration.framework/Versions/A/CoreAudioOrchestration
0x00007ffa0923c000 	/System/Library/PrivateFrameworks/AFKUser.framework/Versions/A/AFKUser
0x00007ffa1d080000 	/System/Library/PrivateFrameworks/FeatureFlags.framework/Versions/A/FeatureFlags
0x00007ff911e44000 	/usr/lib/swift/libswiftCoreAudio.dylib
0x00007ff81956a000 	/System/Library/PrivateFrameworks/AppServerSupport.framework/Versions/A/AppServerSupport
0x00007ff81bc27000 	/System/Library/PrivateFrameworks/perfdata.framework/Versions/A/perfdata
0x00007ff911046000 	/System/Library/PrivateFrameworks/SystemPolicy.framework/Versions/A/SystemPolicy
0x00007ff81bac6000 	/usr/lib/libSMC.dylib
0x00007ff819fa6000 	/usr/lib/libAudioToolboxUtility.dylib
0x00007ff81bc35000 	/usr/lib/libperfcheck.dylib
0x00007ffb1dae8000 	/System/Library/PrivateFrameworks/AudioAnalytics.framework/Versions/A/AudioAnalytics
0x00007ffa16082000 	/System/Library/Frameworks/OSLog.framework/Versions/A/OSLog
0x00007ff911e0e000 	/usr/lib/libmis.dylib
0x00007ff81b5bc000 	/System/Library/PrivateFrameworks/AudioSession.framework/libSessionUtility.dylib
0x00007ff81a105000 	/System/Library/PrivateFrameworks/CMCaptureCore.framework/Versions/A/CMCaptureCore
0x00007ff819575000 	/usr/lib/libspindump.dylib
0x00007ffb12eb4000 	/System/Library/Frameworks/ExtensionFoundation.framework/Versions/A/ExtensionFoundation
0x00007ff821ba5000 	/System/Library/PrivateFrameworks/CoreTime.framework/Versions/A/CoreTime
0x00007ff819234000 	/System/Library/PrivateFrameworks/PlugInKit.framework/Versions/A/PlugInKit
0x00007ff82038e000 	/System/Library/Frameworks/CoreBluetooth.framework/Versions/A/CoreBluetooth
0x00007ff823db4000 	/System/Library/Frameworks/AudioUnit.framework/Versions/A/AudioUnit
0x00007ff8166d3000 	/System/Library/PrivateFrameworks/CoreUtils.framework/Versions/A/CoreUtils
0x00007ffb24779000 	/System/Library/PrivateFrameworks/CoreUtilsExtras.framework/Versions/A/CoreUtilsExtras
0x00007ff81f821000 	/System/Library/Frameworks/MediaAccessibility.framework/Versions/A/MediaAccessibility
0x00007ff91a1f7000 	/System/Library/PrivateFrameworks/AttributeGraph.framework/Versions/A/AttributeGraph
0x00007ffd17610000 	/usr/lib/libAXSafeCategoryBundle.dylib
0x00007ff90b742000 	/usr/lib/libAccessibility.dylib
0x00007ff81644a000 	/System/Library/Frameworks/Accelerate.framework/Versions/A/Frameworks/vecLib.framework/Versions/A/libvDSP.dylib
0x00007ff817945000 	/System/Library/Frameworks/Accelerate.framework/Versions/A/Frameworks/vecLib.framework/Versions/A/libLAPACK.dylib
0x00007ff8169c5000 	/System/Library/Frameworks/Accelerate.framework/Versions/A/Frameworks/vecLib.framework/Versions/A/libLinearAlgebra.dylib
0x00007ff81782d000 	/System/Library/Frameworks/Accelerate.framework/Versions/A/Frameworks/vecLib.framework/Versions/A/libSparseBLAS.dylib
0x00007ff81793f000 	/System/Library/Frameworks/Accelerate.framework/Versions/A/Frameworks/vecLib.framework/Versions/A/libQuadrature.dylib
0x00007ff815928000 	/System/Library/Frameworks/Accelerate.framework/Versions/A/Frameworks/vecLib.framework/Versions/A/libBNNS.dylib
0x00007ff809e5c000 	/System/Library/Frameworks/Accelerate.framework/Versions/A/Frameworks/vecLib.framework/Versions/A/libSparse.dylib
0x00007ffc144f8000 	/System/Library/PrivateFrameworks/MIL.framework/Versions/A/MIL
0x00007ff81a08e000 	/System/Library/PrivateFrameworks/GPUWrangler.framework/Versions/A/GPUWrangler
0x00007ff81a072000 	/System/Library/PrivateFrameworks/IOPresentment.framework/Versions/A/IOPresentment
0x00007ff81a098000 	/System/Library/PrivateFrameworks/DSExternalDisplay.framework/Versions/A/DSExternalDisplay
0x00007ffa16478000 	/System/Library/PrivateFrameworks/HIDDisplay.framework/Versions/A/HIDDisplay
0x00007ff90a9b1000 	/System/Library/PrivateFrameworks/HID.framework/Versions/A/HID
0x00007ffd0e831000 	/System/Library/PrivateFrameworks/VideoToolboxParavirtualizationSupport.framework/Versions/A/VideoToolboxParavirtualizationSupport
0x00007ff8192f6000 	/System/Library/PrivateFrameworks/AppleVA.framework/Versions/A/AppleVA
0x00007ff8216f0000 	/System/Library/PrivateFrameworks/GraphicsServices.framework/Versions/A/GraphicsServices
0x00007ff8101df000 	/System/Library/Frameworks/CoreData.framework/Versions/A/CoreData
0x00007ff81be12000 	/System/Library/PrivateFrameworks/CorePhoneNumbers.framework/Versions/A/CorePhoneNumbers
0x00007ff82056a000 	/System/Library/PrivateFrameworks/MediaKit.framework/Versions/A/MediaKit
0x00007ff8204c4000 	/System/Library/Frameworks/DiscRecording.framework/Versions/A/DiscRecording
0x00007ffb128ed000 	/System/Library/Frameworks/CoreTransferable.framework/Versions/A/CoreTransferable
0x00007ff81bc0a000 	/System/Library/PrivateFrameworks/NetAuth.framework/Versions/A/NetAuth
0x00007ff8193b5000 	/System/Library/PrivateFrameworks/IconServices.framework/Versions/A/IconServices
0x00007ff812ca1000 	/System/Library/PrivateFrameworks/login.framework/Versions/A/Frameworks/loginsupport.framework/Versions/A/loginsupport
0x00007ff911eab000 	/usr/lib/swift/libswiftCoreImage.dylib
0x00007ff819369000 	/System/Library/PrivateFrameworks/IconFoundation.framework/Versions/A/IconFoundation
0x00007ff812829000 	/System/Library/PrivateFrameworks/CoreUI.framework/Versions/A/CoreUI
0x00007ff81a187000 	/System/Library/PrivateFrameworks/TextureIO.framework/Versions/A/TextureIO
0x00007ff814f62000 	/System/Library/PrivateFrameworks/CoreSVG.framework/Versions/A/CoreSVG
0x00007ffa08c07000 	/usr/lib/swift/libswiftAccelerate.dylib
0x00007ff8190d8000 	/usr/lib/libIOReport.dylib
0x00007ffb1d719000 	/System/Library/PrivateFrameworks/AppleMobileFileIntegrity.framework/Versions/A/AppleMobileFileIntegrity
0x00007ffd1795e000 	/usr/lib/libTLE.dylib
0x00007ffa259b3000 	/System/Library/PrivateFrameworks/ConfigProfileHelper.framework/Versions/A/ConfigProfileHelper
0x00007ff816967000 	/usr/lib/libmecab.dylib
0x00007ff80a029000 	/usr/lib/libCRFSuite.dylib
0x00007ff815814000 	/System/Library/PrivateFrameworks/CoreNLP.framework/Versions/A/CoreNLP
0x00007ff8177e8000 	/usr/lib/libThaiTokenizer.dylib
0x00007ff81a54d000 	/System/Library/PrivateFrameworks/DataDetectorsCore.framework/Versions/A/DataDetectorsCore
0x00007ff915971000 	/System/Library/PrivateFrameworks/TextInput.framework/Versions/A/TextInput
0x00007ff80e1aa000 	/System/Library/PrivateFrameworks/UIFoundation.framework/Versions/A/UIFoundation
0x00007ff816935000 	/usr/lib/libCheckFix.dylib
0x00007ff811c78000 	/System/Library/PrivateFrameworks/MetadataUtilities.framework/Versions/A/MetadataUtilities
0x00007ffc10657000 	/System/Library/PrivateFrameworks/InstalledContentLibrary.framework/Versions/A/InstalledContentLibrary
0x00007ff80cae5000 	/System/Library/PrivateFrameworks/CoreServicesStore.framework/Versions/A/CoreServicesStore
0x00007ff812b1d000 	/usr/lib/libapp_launch_measurement.dylib
0x00007ff92468f000 	/System/Library/PrivateFrameworks/MobileSystemServices.framework/Versions/A/MobileSystemServices
0x00007ff818e9d000 	/usr/lib/libxslt.1.dylib
0x00007ff8168fb000 	/System/Library/PrivateFrameworks/BackgroundTaskManagement.framework/Versions/A/BackgroundTaskManagement
0x00007ff823618000 	/usr/lib/libcurl.4.dylib
0x00007ffd17cf1000 	/usr/lib/libcrypto.46.dylib
0x00007ffd18828000 	/usr/lib/libssl.48.dylib
0x00007ff8232fe000 	/System/Library/Frameworks/LDAP.framework/Versions/A/LDAP
0x00007ff823338000 	/System/Library/PrivateFrameworks/TrustEvaluationAgent.framework/Versions/A/TrustEvaluationAgent
0x00007ff81b8cc000 	/usr/lib/libsasl2.2.dylib
0x00007ff82644c000 	/System/Library/Frameworks/Cocoa.framework/Versions/A/Cocoa
0x00007ff80cc57000 	/System/Library/Frameworks/AppKit.framework/Versions/C/AppKit
0x00007ffb20c03000 	/System/Library/PrivateFrameworks/CollectionViewCore.framework/Versions/A/CollectionViewCore
0x00007ff81f0e5000 	/System/Library/PrivateFrameworks/RemoteViewServices.framework/Versions/A/RemoteViewServices
0x00007ff814f5d000 	/System/Library/PrivateFrameworks/XCTTargetBootstrap.framework/Versions/A/XCTTargetBootstrap
0x00007ff81a594000 	/System/Library/PrivateFrameworks/UserActivity.framework/Versions/A/UserActivity
0x00007ffd0cddb000 	/System/Library/PrivateFrameworks/UIIntelligenceSupport.framework/Versions/A/UIIntelligenceSupport
0x00007ffb1777b000 	/System/Library/Frameworks/SwiftUICore.framework/Versions/A/SwiftUICore
0x00007ffd119c9000 	/System/Library/PrivateFrameworks/WritingTools.framework/Versions/A/WritingTools
0x00007ffd10b1e000 	/System/Library/PrivateFrameworks/WindowManagement.framework/Versions/A/WindowManagement
0x00007ff814f4a000 	/System/Library/PrivateFrameworks/DFRFoundation.framework/Versions/A/DFRFoundation
0x00007ff814c68000 	/System/Library/Frameworks/Carbon.framework/Versions/A/Frameworks/HIToolbox.framework/Versions/A/HIToolbox
0x00007ff81f11d000 	/System/Library/Frameworks/Carbon.framework/Versions/A/Frameworks/SpeechRecognition.framework/Versions/A/SpeechRecognition
0x00007ff909d1b000 	/System/Library/PrivateFrameworks/RenderBox.framework/Versions/A/RenderBox
0x00007ff812ab4000 	/System/Library/PrivateFrameworks/PerformanceAnalysis.framework/Versions/A/PerformanceAnalysis
0x00007ff81f4a3000 	/System/Library/Frameworks/Accessibility.framework/Versions/A/Accessibility
0x00007ffb12d91000 	/System/Library/Frameworks/DataDetection.framework/Versions/A/DataDetection
0x00007ffb12d94000 	/System/Library/Frameworks/DeveloperToolsSupport.framework/Versions/A/DeveloperToolsSupport
0x00007ffb182e1000 	/System/Library/Frameworks/Symbols.framework/Versions/A/Symbols
0x00007ffd18a48000 	/usr/lib/swift/libswiftDataDetection.dylib
0x00007ff90f480000 	/usr/lib/swift/libswiftCoreGraphics.dylib
0x00007ff81fe3e000 	/usr/lib/swift/libswiftFoundation.dylib
0x00007ffa25441000 	/usr/lib/swift/libswiftSwiftOnoneSupport.dylib
0x00007ffa12347000 	/System/Library/PrivateFrameworks/CoreMaterial.framework/Versions/A/CoreMaterial
0x00007ffc200ff000 	/System/Library/PrivateFrameworks/SFSymbols.framework/Versions/A/SFSymbols
0x00007ff81f10d000 	/System/Library/PrivateFrameworks/SpeechRecognitionCore.framework/Versions/A/SpeechRecognitionCore
0x0000000102664000 	/Library/Java/JavaVirtualMachines/jdk-17.jdk/Contents/Home/lib/server/libjvm.dylib
0x0000000101653000 	/Library/Java/JavaVirtualMachines/jdk-17.jdk/Contents/Home/lib/libjimage.dylib
0x0000000101676000 	/Library/Java/JavaVirtualMachines/jdk-17.jdk/Contents/Home/lib/libinstrument.dylib
0x00000001016b8000 	/Library/Java/JavaVirtualMachines/jdk-17.jdk/Contents/Home/lib/libjava.dylib
0x0000000102183000 	/Library/Java/JavaVirtualMachines/jdk-17.jdk/Contents/Home/lib/libzip.dylib
0x0000000102197000 	/Library/Java/JavaVirtualMachines/jdk-17.jdk/Contents/Home/lib/libnio.dylib
0x00000001021b3000 	/Library/Java/JavaVirtualMachines/jdk-17.jdk/Contents/Home/lib/libnet.dylib
0x00000001021d3000 	/Library/Java/JavaVirtualMachines/jdk-17.jdk/Contents/Home/lib/libverify.dylib
0x00000001016a0000 	/Users/macbookpro/.gradle/native/1def1411415f61bf3af743bc5b6707747c0891f09f0c88961ee8f79bc544acac/osx-amd64/libnative-platform.dylib
0x0000000102259000 	/Users/macbookpro/.gradle/native/0.2.7/x86_64-macos/libgradle-fileevents.dylib
0x00000001021eb000 	/Library/Java/JavaVirtualMachines/jdk-17.jdk/Contents/Home/lib/libmanagement.dylib
0x00000001021fb000 	/Library/Java/JavaVirtualMachines/jdk-17.jdk/Contents/Home/lib/libmanagement_ext.dylib
0x000000010220b000 	/Library/Java/JavaVirtualMachines/jdk-17.jdk/Contents/Home/lib/libextnet.dylib


VM Arguments:
jvm_args: --add-opens=java.base/java.lang=ALL-UNNAMED --add-opens=java.base/java.lang.invoke=ALL-UNNAMED --add-opens=java.base/java.util=ALL-UNNAMED --add-opens=java.prefs/java.util.prefs=ALL-UNNAMED --add-exports=jdk.compiler/com.sun.tools.javac.api=ALL-UNNAMED --add-exports=jdk.compiler/com.sun.tools.javac.util=ALL-UNNAMED --add-opens=java.base/java.util=ALL-UNNAMED --add-opens=java.prefs/java.util.prefs=ALL-UNNAMED --add-opens=java.base/java.nio.charset=ALL-UNNAMED --add-opens=java.base/java.net=ALL-UNNAMED --add-opens=java.base/java.util.concurrent.atomic=ALL-UNNAMED --add-opens=java.xml/javax.xml.namespace=ALL-UNNAMED -Xmx4g -Dfile.encoding=UTF-8 -Duser.country=SN -Duser.language=fr -Duser.variant -javaagent:/Users/macbookpro/.gradle/wrapper/dists/gradle-8.14-bin/38aieal9i53h9rfe7vjup95b9/gradle-8.14/lib/agents/gradle-instrumentation-agent-8.14.jar 
java_command: org.gradle.launcher.daemon.bootstrap.GradleDaemon 8.14
java_class_path (initial): /Users/macbookpro/.gradle/wrapper/dists/gradle-8.14-bin/38aieal9i53h9rfe7vjup95b9/gradle-8.14/lib/gradle-daemon-main-8.14.jar
Launcher Type: SUN_STANDARD

[Global flags]
     intx CICompilerCount                          = 4                                         {product} {ergonomic}
     uint ConcGCThreads                            = 2                                         {product} {ergonomic}
     uint G1ConcRefinementThreads                  = 8                                         {product} {ergonomic}
   size_t G1HeapRegionSize                         = 2097152                                   {product} {ergonomic}
    uintx GCDrainStackTargetSize                   = 64                                        {product} {ergonomic}
   size_t InitialHeapSize                          = 134217728                                 {product} {ergonomic}
   size_t MarkStackSize                            = 4194304                                   {product} {ergonomic}
   size_t MaxHeapSize                              = 4294967296                                {product} {command line}
   size_t MaxNewSize                               = 2575302656                                {product} {ergonomic}
   size_t MinHeapDeltaBytes                        = 2097152                                   {product} {ergonomic}
   size_t MinHeapSize                              = 8388608                                   {product} {ergonomic}
    uintx NonNMethodCodeHeapSize                   = 5839372                                {pd product} {ergonomic}
    uintx NonProfiledCodeHeapSize                  = 122909434                              {pd product} {ergonomic}
    uintx ProfiledCodeHeapSize                     = 122909434                              {pd product} {ergonomic}
    uintx ReservedCodeCacheSize                    = 251658240                              {pd product} {ergonomic}
     bool SegmentedCodeCache                       = true                                      {product} {ergonomic}
   size_t SoftMaxHeapSize                          = 4294967296                             {manageable} {ergonomic}
     bool UseCompressedClassPointers               = true                           {product lp64_product} {ergonomic}
     bool UseCompressedOops                        = true                           {product lp64_product} {ergonomic}
     bool UseG1GC                                  = true                                      {product} {ergonomic}
     bool UseNUMA                                  = false                                     {product} {ergonomic}
     bool UseNUMAInterleaving                      = false                                     {product} {ergonomic}

Logging:
Log output configuration:
 #0: stdout all=warning uptime,level,tags
 #1: stderr all=off uptime,level,tags

Environment Variables:
JAVA_HOME=/Library/Java/JavaVirtualMachines/temurin-17.jdk/Contents/Home
PATH=/Users/macbookpro/.nvm/versions/node/v20.19.6/bin:/opt/homebrew/opt/ruby/bin:/usr/local/bin:/usr/bin:/bin:/usr/sbin:/sbin:/opt/homebrew/opt/ruby/bin:/Library/Java/JavaVirtualMachines/temurin-17.jdk/Contents/Home/bin:/Users/macbookpro/Library/Android/sdk/emulator:/Users/macbookpro/Library/Android/sdk/platform-tools:/Users/macbookpro/Library/Android/sdk/cmdline-tools/latest/bin:/Users/macbookpro/.rbenv/shims:/Users/macbookpro/.rbenv/bin:/usr/local/opt/ruby/bin:/usr/local/bin:/usr/bin:/bin:/usr/sbin:/sbin:/Library/Java/JavaVirtualMachines/jdk-17.jdk/Contents/Home/bin:/Users/macbookpro/Library/Android/sdk/platform-tools:/Users/macbookpro/Library/Android/sdk/emulator:/Users/macbookpro/Library/Android/sdk/cmdline
SHELL=/bin/zsh
LC_CTYPE=en_US.UTF-8

Signal Handlers:
   SIGSEGV: crash_handler in libjvm.dylib, mask=11100110000111110111111111111111, flags=SA_RESTART|SA_SIGINFO
    SIGBUS: crash_handler in libjvm.dylib, mask=11100110000111110111111111111111, flags=SA_RESTART|SA_SIGINFO
    SIGFPE: crash_handler in libjvm.dylib, mask=11100110000111110111111111111111, flags=SA_RESTART|SA_SIGINFO
   SIGPIPE: javaSignalHandler in libjvm.dylib, mask=11100110000111110111111111111111, flags=SA_RESTART|SA_SIGINFO
   SIGXFSZ: javaSignalHandler in libjvm.dylib, mask=11100110000111110111111111111111, flags=SA_RESTART|SA_SIGINFO
    SIGILL: crash_handler in libjvm.dylib, mask=11100110000111110111111111111111, flags=SA_RESTART|SA_SIGINFO
   SIGUSR2: SR_handler in libjvm.dylib, mask=00000000000000000000000000000000, flags=SA_RESTART|SA_SIGINFO
    SIGHUP: UserHandler in libjvm.dylib, mask=11100110000111110111111111111111, flags=SA_RESTART|SA_SIGINFO
    SIGINT: UserHandler in libjvm.dylib, mask=11100110000111110111111111111111, flags=SA_RESTART|SA_SIGINFO
   SIGTERM: UserHandler in libjvm.dylib, mask=11100110000111110111111111111111, flags=SA_RESTART|SA_SIGINFO
   SIGQUIT: UserHandler in libjvm.dylib, mask=11100110000111110111111111111111, flags=SA_RESTART|SA_SIGINFO
   SIGTRAP: crash_handler in libjvm.dylib, mask=11100110000111110111111111111111, flags=SA_RESTART|SA_SIGINFO


---------------  S Y S T E M  ---------------

OS:
uname: Darwin 24.5.0 Darwin Kernel Version 24.5.0: Tue Apr 22 19:53:26 PDT 2025; root:xnu-11417.121.6~2/RELEASE_X86_64 x86_64
OS uptime: 0 days 0:50 hours
rlimit (soft/hard): STACK 8192k/65532k , CORE 0k/infinity , NPROC 1392/2088 , NOFILE 10240/infinity , AS infinity/infinity , CPU infinity/infinity , DATA infinity/infinity , FSIZE infinity/infinity , MEMLOCK infinity/infinity , RSS infinity/infinity
load average: 36.88 13.76 6.48

CPU: total 8 (initial active 8) (4 cores per cpu, 2 threads per core) family 6 model 142 stepping 10 microcode 0xf6, cx8, cmov, fxsr, ht, mmx, 3dnowpref, sse, sse2, sse3, ssse3, sse4.1, sse4.2, popcnt, lzcnt, tsc, tscinvbit, avx, avx2, aes, erms, clmul, bmi1, bmi2, adx, fma, vzeroupper, clflush, clflushopt

Memory: 4k page, physical 8388608k(58380k free), swap 3145728k(1433600k free)

vm_info: Java HotSpot(TM) 64-Bit Server VM (17.0.12+8-LTS-286) for bsd-amd64 JRE (17.0.12+8-LTS-286), built on Jun  5 2024 05:49:45 by "mach5one" with clang Apple LLVM 12.0.0 (clang-1200.0.32.29)

END.
